
 RUN  v0.34.6 /Users/juliecook/claude/LifeHubOrganizer

 âœ“ src/components/settings/__tests__/FamilySettings.test.ts > Family Settings Component > Rendering > should show loading state when loading
 Ã— src/components/settings/__tests__/FamilySettings.test.ts > Family Settings Component > Rendering > should show personal mode message when isPersonalOnly is true
   â†’ 'button:contains("Create a Family")' is not a valid selector
 âœ“ src/components/settings/__tests__/FamilySettings.test.ts > Family Settings Component > Rendering > should show family mode content when isPersonalOnly is false
 âœ“ src/components/settings/__tests__/FamilySettings.test.ts > Family Settings Component > Rendering > should render family members list correctly
 âœ“ src/components/settings/__tests__/FamilySettings.test.ts > Family Settings Component > Rendering > should show admin badge for admin members
 Ã— src/components/settings/__tests__/FamilySettings.test.ts > Family Settings Component > Interactions > should emit create-family event when clicking create family button
   â†’ 'button:contains("Create a Family")' is not a valid selector
 Ã— src/components/settings/__tests__/FamilySettings.test.ts > Family Settings Component > Interactions > should emit invite-member event when clicking invite member button
   â†’ 'button:contains("Add Family Member")' is not a valid selector
 Ã— src/components/settings/__tests__/FamilySettings.test.ts > Family Settings Component > Interactions > should disable invite button when saving
   â†’ 'button:contains("Add Family Member")' is not a valid selector
 âœ“ src/components/settings/__tests__/FamilySettings.test.ts > Family Settings Component > Empty States > should show no members message when family members list is empty
 âœ“ src/components/settings/__tests__/FamilySettings.test.ts > Family Settings Component > Empty States > should handle undefined familyMembers prop
 âœ“ src/components/settings/__tests__/FamilySettings.test.ts > Family Settings Component > Member Display > should show member initials in avatar
 âœ“ src/components/settings/__tests__/FamilySettings.test.ts > Family Settings Component > Member Display > should format member roles correctly
 âœ“ src/components/settings/__tests__/FamilySettings.test.ts > Family Settings Component > Member Display > should handle members without initials
 âœ“ src/components/settings/__tests__/FamilySettings.test.ts > Family Settings Component > Edge Cases > should handle members with missing email
 âœ“ src/components/settings/__tests__/FamilySettings.test.ts > Family Settings Component > Edge Cases > should handle members with missing name
 âœ“ src/components/settings/__tests__/FamilySettings.test.ts > Family Settings Component > Edge Cases > should handle missing familyId
stderr | src/stores/__tests__/family.test.ts > Family Store > initialization > should handle initialization errors
Error loading family data: {
  code: [32m'ERROR'[39m,
  message: [32m'Failed to load family'[39m,
  details: [32m''[39m,
  hint: [32m''[39m,
  name: [32m'PostgrestError'[39m
}

stderr | src/stores/__tests__/family.test.ts > Family Store > family creation > should handle family creation errors
Error creating family: {
  code: [32m'ERROR'[39m,
  message: [32m'Failed to create family'[39m,
  details: [32m''[39m,
  hint: [32m''[39m,
  name: [32m'PostgrestError'[39m
}

stderr | src/stores/__tests__/family.test.ts > Family Store > member management > should handle invitation errors
Error inviting family member: Error: Invalid email
    at [90m/Users/juliecook/claude/LifeHubOrganizer/[39msrc/stores/__tests__/family.test.ts:223:25
    at [90mfile:///Users/juliecook/claude/LifeHubOrganizer/[39mnode_modules/[4m@vitest[24m/runner/dist/index.js:135:14
    at [90mfile:///Users/juliecook/claude/LifeHubOrganizer/[39mnode_modules/[4m@vitest[24m/runner/dist/index.js:58:26
    at runTest [90m(file:///Users/juliecook/claude/LifeHubOrganizer/[39mnode_modules/[4m@vitest[24m/runner/dist/index.js:663:17[90m)[39m
    at runSuite [90m(file:///Users/juliecook/claude/LifeHubOrganizer/[39mnode_modules/[4m@vitest[24m/runner/dist/index.js:782:15[90m)[39m
    at runSuite [90m(file:///Users/juliecook/claude/LifeHubOrganizer/[39mnode_modules/[4m@vitest[24m/runner/dist/index.js:782:15[90m)[39m
    at runSuite [90m(file:///Users/juliecook/claude/LifeHubOrganizer/[39mnode_modules/[4m@vitest[24m/runner/dist/index.js:782:15[90m)[39m
    at runFiles [90m(file:///Users/juliecook/claude/LifeHubOrganizer/[39mnode_modules/[4m@vitest[24m/runner/dist/index.js:834:5[90m)[39m
    at startTests [90m(file:///Users/juliecook/claude/LifeHubOrganizer/[39mnode_modules/[4m@vitest[24m/runner/dist/index.js:843:3[90m)[39m
    at [90mfile:///Users/juliecook/claude/LifeHubOrganizer/[39mnode_modules/[4mvitest[24m/dist/entry.js:103:7

stderr | src/stores/__tests__/family.test.ts > Family Store > error handling > should handle service unavailability
Error loading family data: Error: Service unavailable
    at [90m/Users/juliecook/claude/LifeHubOrganizer/[39msrc/stores/__tests__/family.test.ts:316:60
    at [90mfile:///Users/juliecook/claude/LifeHubOrganizer/[39mnode_modules/[4m@vitest[24m/runner/dist/index.js:135:14
    at [90mfile:///Users/juliecook/claude/LifeHubOrganizer/[39mnode_modules/[4m@vitest[24m/runner/dist/index.js:58:26
    at runTest [90m(file:///Users/juliecook/claude/LifeHubOrganizer/[39mnode_modules/[4m@vitest[24m/runner/dist/index.js:663:17[90m)[39m
    at runSuite [90m(file:///Users/juliecook/claude/LifeHubOrganizer/[39mnode_modules/[4m@vitest[24m/runner/dist/index.js:782:15[90m)[39m
    at runSuite [90m(file:///Users/juliecook/claude/LifeHubOrganizer/[39mnode_modules/[4m@vitest[24m/runner/dist/index.js:782:15[90m)[39m
    at runSuite [90m(file:///Users/juliecook/claude/LifeHubOrganizer/[39mnode_modules/[4m@vitest[24m/runner/dist/index.js:782:15[90m)[39m
    at runFiles [90m(file:///Users/juliecook/claude/LifeHubOrganizer/[39mnode_modules/[4m@vitest[24m/runner/dist/index.js:834:5[90m)[39m
    at startTests [90m(file:///Users/juliecook/claude/LifeHubOrganizer/[39mnode_modules/[4m@vitest[24m/runner/dist/index.js:843:3[90m)[39m
    at [90mfile:///Users/juliecook/claude/LifeHubOrganizer/[39mnode_modules/[4mvitest[24m/dist/entry.js:103:7

 âœ“ src/stores/__tests__/family.test.ts > Family Store > initialization > should initialize with default state
 âœ“ src/stores/__tests__/family.test.ts > Family Store > initialization > should load family data successfully
 Ã— src/stores/__tests__/family.test.ts > Family Store > initialization > should handle initialization errors
   â†’ expected '[object Object]' to be 'Failed to load family' // Object.is equality
 âœ“ src/stores/__tests__/family.test.ts > Family Store > family creation > should create a new family successfully
 Ã— src/stores/__tests__/family.test.ts > Family Store > family creation > should handle family creation errors
   â†’ expected '[object Object]' to be 'Failed to create family' // Object.is equality
 âœ“ src/stores/__tests__/family.test.ts > Family Store > member management > should successfully invite family member
 âœ“ src/stores/__tests__/family.test.ts > Family Store > member management > should handle invitation errors
 âœ“ src/stores/__tests__/family.test.ts > Family Store > member management > should update family members list after changes
 âœ“ src/stores/__tests__/family.test.ts > Family Store > computed properties > should correctly identify user as admin
 âœ“ src/stores/__tests__/family.test.ts > Family Store > computed properties > should correctly identify user as not admin
 âœ“ src/stores/__tests__/family.test.ts > Family Store > computed properties > should return correct family name
 âœ“ src/stores/__tests__/family.test.ts > Family Store > computed properties > should provide family context information
 âœ“ src/stores/__tests__/family.test.ts > Family Store > error handling > should handle missing family ID
 âœ“ src/stores/__tests__/family.test.ts > Family Store > error handling > should handle service unavailability
 âœ“ src/stores/__tests__/family.test.ts > Family Store > state management > should clear state when resetting
 âœ“ src/stores/__tests__/family.test.ts > Family Store > state management > should maintain loading state during async operations
 âœ“ src/components/calendar/__tests__/EventModal.test.ts > EventModal.vue > View Mode > displays event details correctly in view mode
 âœ“ src/components/calendar/__tests__/EventModal.test.ts > EventModal.vue > View Mode > shows edit and delete buttons in view mode
 âœ“ src/components/calendar/__tests__/EventModal.test.ts > EventModal.vue > Edit Mode > populates form fields correctly in edit mode
 âœ“ src/components/calendar/__tests__/EventModal.test.ts > EventModal.vue > Edit Mode > emits save event with updated data
 âœ“ src/components/calendar/__tests__/EventModal.test.ts > EventModal.vue > Create Mode > shows empty form in create mode
 âœ“ src/components/calendar/__tests__/EventModal.test.ts > EventModal.vue > Create Mode > emits save event with new event data
 âœ“ src/components/calendar/__tests__/EventModal.test.ts > EventModal.vue > Modal Controls > closes modal when clicking cancel
 âœ“ src/components/calendar/__tests__/EventModal.test.ts > EventModal.vue > Modal Controls > disables form submission while processing
 Ã— src/components/calendar/__tests__/EventModal.test.ts > EventModal.vue > Feature-specific Behavior > shows work schedule options for work events
   â†’ expected false to be true // Object.is equality
 âœ“ src/components/calendar/__tests__/EventModal.test.ts > EventModal.vue > Feature-specific Behavior > handles all-day event toggle correctly
 Ã— src/components/calendar/__tests__/EventModal.test.ts > EventModal.vue > Feature-specific Behavior > validates required fields before submission
   â†’ expected [ [ { id: '', title: '', â€¦(10) } ] ] to be falsy
 âœ“ src/components/calendar/__tests__/DeleteConfirmationModal.test.ts > DeleteConfirmationModal > Visibility > should render when show is true
 âœ“ src/components/calendar/__tests__/DeleteConfirmationModal.test.ts > DeleteConfirmationModal > Visibility > should not render when show is false
 âœ“ src/components/calendar/__tests__/DeleteConfirmationModal.test.ts > DeleteConfirmationModal > Content > should display correct title and message
 âœ“ src/components/calendar/__tests__/DeleteConfirmationModal.test.ts > DeleteConfirmationModal > Interactions > should emit cancel event when cancel button is clicked
 âœ“ src/components/calendar/__tests__/DeleteConfirmationModal.test.ts > DeleteConfirmationModal > Interactions > should emit confirm event with expected data when confirm button is clicked
 Ã— src/components/calendar/__tests__/DeleteConfirmationModal.test.ts > DeleteConfirmationModal > Processing State > should disable buttons and show spinner when processing
   â†’ expected false to be true // Object.is equality
 Ã— src/router/__tests__/router.test.ts > Router Guards > Authentication > should redirect unauthenticated users to login
   â†’ expected "spy" to be called with arguments: [ ObjectContaining{ â€¦(3) } ]

Received: 

  1st spy call:

  Array [
-   ObjectContaining {
-     "name": "login",
-   },
+   "/home",
  ]


Number of calls: 1

 Ã— src/components/calendar/__tests__/CalendarGrid.test.ts > CalendarGrid.vue > renders correct number of days
   â†’ expected [ DOMWrapper{ â€¦(2) }, â€¦(17) ] to have a length of 7 but got 18
 Ã— src/components/calendar/__tests__/CalendarGrid.test.ts > CalendarGrid.vue > emits month-changed event when navigating
   â†’ expected { month: 2, year: 2025, â€¦(1) } to deeply equal { month: 3, year: 2025, â€¦(1) }
 âœ“ src/components/calendar/__tests__/CalendarGrid.test.ts > CalendarGrid.vue > emits date-selected event when clicking a day
 Ã— src/components/calendar/__tests__/CalendarGrid.test.ts > CalendarGrid.vue > handles custom day names
   â†’ expected '23' to be undefined // Object.is equality
 Ã— src/components/calendar/__tests__/CalendarGrid.test.ts > CalendarGrid.vue > marks today correctly
   â†’ expected false to be true // Object.is equality
 âœ“ src/components/calendar/__tests__/CalendarGrid.test.ts > CalendarGrid.vue > renders custom date indicators
 âœ“ src/components/calendar/__tests__/CalendarGrid.test.ts > CalendarGrid.vue > renders custom day content
 Ã— src/components/calendar/__tests__/CalendarGrid.test.ts > CalendarGrid.vue > handles date changes through props
   â†’ expected { month: 2, year: 2025, â€¦(1) } to deeply equal { month: 3, year: 2025, â€¦(1) }
 âœ“ src/components/calendar/__tests__/CalendarGrid.test.ts > CalendarGrid.vue > exposes correct public methods
 âœ“ node_modules/cssstyle/lib/CSSStyleDeclaration.test.js > CSSStyleDeclaration > has only valid properties implemented
 âœ“ node_modules/cssstyle/lib/CSSStyleDeclaration.test.js > CSSStyleDeclaration > has all properties
 âœ“ node_modules/cssstyle/lib/CSSStyleDeclaration.test.js > CSSStyleDeclaration > has dashed properties
 âœ“ node_modules/cssstyle/lib/CSSStyleDeclaration.test.js > CSSStyleDeclaration > has all functions
 âœ“ node_modules/cssstyle/lib/CSSStyleDeclaration.test.js > CSSStyleDeclaration > has special properties
 âœ“ node_modules/cssstyle/lib/CSSStyleDeclaration.test.js > CSSStyleDeclaration > from style string
 âœ“ node_modules/cssstyle/lib/CSSStyleDeclaration.test.js > CSSStyleDeclaration > from properties
 âœ“ node_modules/cssstyle/lib/CSSStyleDeclaration.test.js > CSSStyleDeclaration > shorthand properties
 âœ“ node_modules/cssstyle/lib/CSSStyleDeclaration.test.js > CSSStyleDeclaration > width and height properties and null and empty strings
 âœ“ node_modules/cssstyle/lib/CSSStyleDeclaration.test.js > CSSStyleDeclaration > implicit properties
 âœ“ node_modules/cssstyle/lib/CSSStyleDeclaration.test.js > CSSStyleDeclaration > top, left, right, bottom properties
 âœ“ node_modules/cssstyle/lib/CSSStyleDeclaration.test.js > CSSStyleDeclaration > clear and clip properties
 âœ“ node_modules/cssstyle/lib/CSSStyleDeclaration.test.js > CSSStyleDeclaration > colors
 âœ“ node_modules/cssstyle/lib/CSSStyleDeclaration.test.js > CSSStyleDeclaration > short hand properties with embedded spaces
 âœ“ node_modules/cssstyle/lib/CSSStyleDeclaration.test.js > CSSStyleDeclaration > setting shorthand properties to an empty string should clear all dependent properties
 âœ“ node_modules/cssstyle/lib/CSSStyleDeclaration.test.js > CSSStyleDeclaration > setting implicit properties to an empty string should clear all dependent properties
 âœ“ node_modules/cssstyle/lib/CSSStyleDeclaration.test.js > CSSStyleDeclaration > setting a shorthand property, whose shorthands are implicit properties, to an empty string should clear all dependent properties
 âœ“ node_modules/cssstyle/lib/CSSStyleDeclaration.test.js > CSSStyleDeclaration > setting border values to "none" should clear dependent values
 âœ“ node_modules/cssstyle/lib/CSSStyleDeclaration.test.js > CSSStyleDeclaration > setting border to 0 should be okay
 âœ“ node_modules/cssstyle/lib/CSSStyleDeclaration.test.js > CSSStyleDeclaration > setting values implicit and shorthand properties via csstext and setproperty should propagate to dependent properties
 âœ“ node_modules/cssstyle/lib/CSSStyleDeclaration.test.js > CSSStyleDeclaration > setting opacity should work
 âœ“ node_modules/cssstyle/lib/CSSStyleDeclaration.test.js > CSSStyleDeclaration > width and height of auto should work
 âœ“ node_modules/cssstyle/lib/CSSStyleDeclaration.test.js > CSSStyleDeclaration > padding and margin should set/clear shorthand properties
 âœ“ node_modules/cssstyle/lib/CSSStyleDeclaration.test.js > CSSStyleDeclaration > padding and margin shorthands should set main properties
 âœ“ node_modules/cssstyle/lib/CSSStyleDeclaration.test.js > CSSStyleDeclaration > setting a value to 0 should return the string value
 âœ“ node_modules/cssstyle/lib/CSSStyleDeclaration.test.js > CSSStyleDeclaration > onchange callback should be called when the csstext changes
 âœ“ node_modules/cssstyle/lib/CSSStyleDeclaration.test.js > CSSStyleDeclaration > setting float should work the same as cssfloat
 âœ“ node_modules/cssstyle/lib/CSSStyleDeclaration.test.js > CSSStyleDeclaration > setting improper css to csstext should not throw
 âœ“ node_modules/cssstyle/lib/CSSStyleDeclaration.test.js > CSSStyleDeclaration > url parsing works with quotes
 âœ“ node_modules/cssstyle/lib/CSSStyleDeclaration.test.js > CSSStyleDeclaration > setting 0 to a padding or margin works
 âœ“ node_modules/cssstyle/lib/CSSStyleDeclaration.test.js > CSSStyleDeclaration > setting ex units to a padding or margin works
 âœ“ node_modules/cssstyle/lib/CSSStyleDeclaration.test.js > CSSStyleDeclaration > setting null to background works
 âœ“ node_modules/cssstyle/lib/CSSStyleDeclaration.test.js > CSSStyleDeclaration > flex properties should keep their values
 âœ“ node_modules/cssstyle/lib/CSSStyleDeclaration.test.js > CSSStyleDeclaration > camelcase properties are not assigned with `.setproperty()`
 âœ“ node_modules/cssstyle/lib/CSSStyleDeclaration.test.js > CSSStyleDeclaration > casing is ignored in `.setproperty()`
 âœ“ node_modules/cssstyle/lib/CSSStyleDeclaration.test.js > CSSStyleDeclaration > support non string entries in border-spacing
 âœ“ node_modules/cssstyle/lib/CSSStyleDeclaration.test.js > CSSStyleDeclaration > float should be valid property for `.setproperty()`
 âœ“ node_modules/cssstyle/lib/CSSStyleDeclaration.test.js > CSSStyleDeclaration > flex-shrink works
 âœ“ node_modules/cssstyle/lib/CSSStyleDeclaration.test.js > CSSStyleDeclaration > flex-grow works
 âœ“ node_modules/cssstyle/lib/CSSStyleDeclaration.test.js > CSSStyleDeclaration > flex-basis works
 âœ“ node_modules/cssstyle/lib/CSSStyleDeclaration.test.js > CSSStyleDeclaration > shorthand flex works
 âœ“ node_modules/cssstyle/lib/CSSStyleDeclaration.test.js > CSSStyleDeclaration > font-size get a valid value
 âœ“ node_modules/cssstyle/lib/CSSStyleDeclaration.test.js > CSSStyleDeclaration > getPropertyValue for custom properties in cssText
 âœ“ node_modules/cssstyle/lib/CSSStyleDeclaration.test.js > CSSStyleDeclaration > getPropertyValue for custom properties with setProperty
 âœ“ node_modules/cssstyle/lib/CSSStyleDeclaration.test.js > CSSStyleDeclaration > getPropertyValue for custom properties with object setter
 âœ“ node_modules/cssstyle/lib/CSSStyleDeclaration.test.js > CSSStyleDeclaration > custom properties are case-sensitive
 âœ“ node_modules/cssstyle/lib/CSSStyleDeclaration.test.js > CSSStyleDeclaration > supports calc
 âœ“ src/components/calendar/__tests__/CalendarEvent.test.ts > CalendarEvent.vue > should render correctly with default props
 âœ“ src/components/calendar/__tests__/CalendarEvent.test.ts > CalendarEvent.vue > should handle missing event type
 âœ“ src/components/calendar/__tests__/CalendarEvent.test.ts > CalendarEvent.vue > should apply custom class when provided
 âœ“ src/components/calendar/__tests__/CalendarEvent.test.ts > CalendarEvent.vue > should emit event-click when clicked
 âœ“ src/components/calendar/__tests__/CalendarEvent.test.ts > CalendarEvent.vue > should display time when showTime is true
 âœ“ src/components/calendar/__tests__/CalendarEvent.test.ts > CalendarEvent.vue > should not display time when showTime is false
 âœ“ src/services/__tests__/auth.test.ts > Auth Service > signIn > should sign in a user successfully
 âœ“ src/services/__tests__/auth.test.ts > Auth Service > signIn > should handle sign in errors
 âœ“ src/services/__tests__/auth.test.ts > Auth Service > signUp > should register a new user successfully
 âœ“ src/services/__tests__/auth.test.ts > Auth Service > signUp > should handle registration errors
 âœ“ src/services/__tests__/auth.test.ts > Auth Service > getCurrentUser > should return the current user
 âœ“ src/services/__tests__/auth.test.ts > Auth Service > getCurrentUser > should handle errors when getting current user
 âœ“ src/services/__tests__/auth.test.ts > Auth Service > updateProfile > should update user profile successfully
 âœ“ src/services/__tests__/auth.test.ts > Auth Service > updateProfile > should handle profile update errors
 âœ“ src/services/__tests__/auth.test.ts > Auth Service > signOut > should sign out successfully
 âœ“ src/services/__tests__/auth.test.ts > Auth Service > signOut > should handle sign out errors
 âœ“ src/services/__tests__/auth.test.ts > Auth Service > getSession > should get the current session
 âœ“ src/services/__tests__/auth.test.ts > Auth Service > getSession > should handle errors when getting session
stderr | src/services/__tests__/family.test.ts > Family Service > inviteFamilyMember > should handle non-admin invitation attempts
Error inviting family member: Error: Only family admins can send invitations
    at Object.inviteFamilyMember [90m(/Users/juliecook/claude/LifeHubOrganizer/[39msrc/services/family.ts:227:15[90m)[39m
    at [90m/Users/juliecook/claude/LifeHubOrganizer/[39msrc/services/__tests__/family.test.ts:225:22
    at runTest [90m(file:///Users/juliecook/claude/LifeHubOrganizer/[39mnode_modules/[4m@vitest[24m/runner/dist/index.js:663:11[90m)[39m
    at runSuite [90m(file:///Users/juliecook/claude/LifeHubOrganizer/[39mnode_modules/[4m@vitest[24m/runner/dist/index.js:782:15[90m)[39m
    at runSuite [90m(file:///Users/juliecook/claude/LifeHubOrganizer/[39mnode_modules/[4m@vitest[24m/runner/dist/index.js:782:15[90m)[39m
    at runSuite [90m(file:///Users/juliecook/claude/LifeHubOrganizer/[39mnode_modules/[4m@vitest[24m/runner/dist/index.js:782:15[90m)[39m
    at runFiles [90m(file:///Users/juliecook/claude/LifeHubOrganizer/[39mnode_modules/[4m@vitest[24m/runner/dist/index.js:834:5[90m)[39m
    at startTests [90m(file:///Users/juliecook/claude/LifeHubOrganizer/[39mnode_modules/[4m@vitest[24m/runner/dist/index.js:843:3[90m)[39m
    at [90mfile:///Users/juliecook/claude/LifeHubOrganizer/[39mnode_modules/[4mvitest[24m/dist/entry.js:103:7
    at withEnv [90m(file:///Users/juliecook/claude/LifeHubOrganizer/[39mnode_modules/[4mvitest[24m/dist/entry.js:73:5[90m)[39m

stderr | src/services/__tests__/family.test.ts > Family Service > acceptInvitation > should handle invitation acceptance errors
Error accepting invitation: { message: [32m'Invalid token'[39m, details: [32m''[39m, hint: [32m''[39m, code: [32m''[39m }

 âœ“ src/services/__tests__/family.test.ts > Family Service > createFamily > should successfully create a new family
 âœ“ src/services/__tests__/family.test.ts > Family Service > createFamily > should handle errors when creating family
 âœ“ src/services/__tests__/family.test.ts > Family Service > getFamily > should return family by ID
 âœ“ src/services/__tests__/family.test.ts > Family Service > getFamilyMembers > should return family members with user data
 âœ“ src/services/__tests__/family.test.ts > Family Service > inviteFamilyMember > should successfully send invitation
 âœ“ src/services/__tests__/family.test.ts > Family Service > inviteFamilyMember > should handle non-admin invitation attempts
 âœ“ src/services/__tests__/family.test.ts > Family Service > acceptInvitation > should successfully accept invitation
 âœ“ src/services/__tests__/family.test.ts > Family Service > acceptInvitation > should handle invitation acceptance errors
stderr | src/stores/__tests__/auth.test.ts > Auth Store > initialize > should handle initialization error gracefully
Failed to initialize auth: Error: Failed to get user
    at [90m/Users/juliecook/claude/LifeHubOrganizer/[39msrc/stores/__tests__/auth.test.ts:64:63
    at [90mfile:///Users/juliecook/claude/LifeHubOrganizer/[39mnode_modules/[4m@vitest[24m/runner/dist/index.js:135:14
    at [90mfile:///Users/juliecook/claude/LifeHubOrganizer/[39mnode_modules/[4m@vitest[24m/runner/dist/index.js:58:26
    at runTest [90m(file:///Users/juliecook/claude/LifeHubOrganizer/[39mnode_modules/[4m@vitest[24m/runner/dist/index.js:663:17[90m)[39m
    at runSuite [90m(file:///Users/juliecook/claude/LifeHubOrganizer/[39mnode_modules/[4m@vitest[24m/runner/dist/index.js:782:15[90m)[39m
    at runSuite [90m(file:///Users/juliecook/claude/LifeHubOrganizer/[39mnode_modules/[4m@vitest[24m/runner/dist/index.js:782:15[90m)[39m
    at runSuite [90m(file:///Users/juliecook/claude/LifeHubOrganizer/[39mnode_modules/[4m@vitest[24m/runner/dist/index.js:782:15[90m)[39m
    at runFiles [90m(file:///Users/juliecook/claude/LifeHubOrganizer/[39mnode_modules/[4m@vitest[24m/runner/dist/index.js:834:5[90m)[39m
    at startTests [90m(file:///Users/juliecook/claude/LifeHubOrganizer/[39mnode_modules/[4m@vitest[24m/runner/dist/index.js:843:3[90m)[39m
    at [90mfile:///Users/juliecook/claude/LifeHubOrganizer/[39mnode_modules/[4mvitest[24m/dist/entry.js:103:7

stderr | src/stores/__tests__/auth.test.ts > Auth Store > logout > should handle logout failure
Failed to logout: { message: [32m'Invalid credentials'[39m, status: [33m400[39m }

 âœ“ src/stores/__tests__/auth.test.ts > Auth Store > initialize > should set user if getCurrentUser returns a user
 âœ“ src/stores/__tests__/auth.test.ts > Auth Store > initialize > should handle initialization error gracefully
 âœ“ src/stores/__tests__/auth.test.ts > Auth Store > login > should successfully log in user
 âœ“ src/stores/__tests__/auth.test.ts > Auth Store > login > should handle login failure
 âœ“ src/stores/__tests__/auth.test.ts > Auth Store > logout > should successfully log out user
 âœ“ src/stores/__tests__/auth.test.ts > Auth Store > logout > should handle logout failure
 âœ“ src/stores/__tests__/auth.test.ts > Auth Store > register > should successfully register new user
 âœ“ src/stores/__tests__/auth.test.ts > Auth Store > register > should handle registration failure
 âœ“ src/stores/__tests__/auth.test.ts > Auth Store > updateProfile > should successfully update user profile
 âœ“ node_modules/cssstyle/lib/parsers.test.js > valueType > returns color for red
 âœ“ node_modules/cssstyle/lib/parsers.test.js > valueType > returns color for #nnnnnn
 âœ“ node_modules/cssstyle/lib/parsers.test.js > valueType > returns color for rgb(n, n, n)
 âœ“ node_modules/cssstyle/lib/parsers.test.js > valueType > returns color for rgb(p, p, p)
 âœ“ node_modules/cssstyle/lib/parsers.test.js > valueType > returns color for rgba(n, n, n, n)
 âœ“ node_modules/cssstyle/lib/parsers.test.js > valueType > returns color for rgba(n, n, n, n) with decimal alpha
 âœ“ node_modules/cssstyle/lib/parsers.test.js > valueType > returns color for rgba(p, p, p, n)
 âœ“ node_modules/cssstyle/lib/parsers.test.js > valueType > returns color for rgba(p, p, p, n) with decimal alpha
 âœ“ node_modules/cssstyle/lib/parsers.test.js > valueType > returns length for 100ch
 âœ“ node_modules/cssstyle/lib/parsers.test.js > valueType > returns calc from calc(100px * 2)
 âœ“ node_modules/cssstyle/lib/parsers.test.js > parseColor > should convert hsl to rgb values
 âœ“ node_modules/cssstyle/lib/parsers.test.js > parseColor > should convert hsla to rgba values

 âœ“ node_modules/progress-webpack-plugin/test/index.spec.js > Progress Plugin > should output correctly
[2K[1A[2K[G[1%] setup test (before run)
[2K[1A[2K[G[1%] setup test (before run NodeEnvironmentPlugin)
[2K[1A[2K[G[1%] setup test (before run)
[2K[1A[2K[G[2%] setup test (run)
[2K[1A[2K[G[4%] setup test (normal module factory)
[2K[1A[2K[G[5%] setup test (context module factory)
[2K[1A[2K[G[6%] setup test (before compile)
[2K[1A[2K[G[6%] setup test (before compile ProgressPlugin)
[2K[1A[2K[G[6%] setup test (before compile)
[2K[1A[2K[G[7%] setup test (compile)
[2K[1A[2K[G[7%] setup test (compile ExternalsPlugin)
[2K[1A[2K[G[7%] setup test (compile)
[2K[1A[2K[G[8%] setup test (compilation)
[2K[1A[2K[G[8%] setup test (compilation ArrayPushCallbackChunkFormatPlugin)
[2K[1A[2K[G[8%] setup test (compilation JsonpChunkLoadingPlugin)
[2K[1A[2K[G[8%] setup test (compilation StartupChunkDependenciesPlugin)
[2K[1A[2K[G[8%] setup test (compilation ImportScriptsChunkLoadingPlugin)
[2K[1A[2K[G[8%] setup test (compilation WorkerPlugin)
[2K[1A[2K[G[8%] setup test (compilation SplitChunksPlugin)
[2K[1A[2K[G[8%] setup test (compilation ResolverCachePlugin)
[2K[1A[2K[G[8%] setup test (compilation)
[2K[1A[2K[G[9%] setup test (compilation)
[2K[1A[2K[G[9%] setup test (compilation ProgressPlugin)
[2K[1A[2K[G[9%] setup test (compilation ChunkPrefetchPreloadPlugin)
[2K[1A[2K[G[9%] setup test (compilation JavascriptModulesPlugin)
[2K[1A[2K[G[9%] setup test (compilation JsonModulesPlugin)
[2K[1A[2K[G[9%] setup test (compilation AssetModulesPlugin)
[2K[1A[2K[G[9%] setup test (compilation EntryPlugin)
[2K[1A[2K[G[9%] setup test (compilation RuntimePlugin)
[2K[1A[2K[G[9%] setup test (compilation InferAsyncModulesPlugin)
[2K[1A[2K[G[9%] setup test (compilation DataUriPlugin)
[2K[1A[2K[G[9%] setup test (compilation FileUriPlugin)
[2K[1A[2K[G[9%] setup test (compilation CompatibilityPlugin)
[2K[1A[2K[G[9%] setup test (compilation HarmonyModulesPlugin)
[2K[1A[2K[G[9%] setup test (compilation AMDPlugin)
[2K[1A[2K[G[9%] setup test (compilation RequireJsStuffPlugin)
[2K[1A[2K[G[9%] setup test (compilation CommonJsPlugin)
[2K[1A[2K[G[9%] setup test (compilation LoaderPlugin)
[2K[1A[2K[G[9%] setup test (compilation NodeStuffPlugin)
[2K[1A[2K[G[9%] setup test (compilation APIPlugin)
[2K[1A[2K[G[9%] setup test (compilation ExportsInfoApiPlugin)
[2K[1A[2K[G[9%] setup test (compilation WebpackIsIncludedPlugin)
[2K[1A[2K[G[9%] setup test (compilation ConstPlugin)
[2K[1A[2K[G[9%] setup test (compilation UseStrictPlugin)
[2K[1A[2K[G[9%] setup test (compilation RequireIncludePlugin)
[2K[1A[2K[G[9%] setup test (compilation RequireEnsurePlugin)
[2K[1A[2K[G[9%] setup test (compilation RequireContextPlugin)
[2K[1A[2K[G[9%] setup test (compilation ImportPlugin)
[2K[1A[2K[G[9%] setup test (compilation ImportMetaContextPlugin)
[2K[1A[2K[G[9%] setup test (compilation SystemPlugin)
[2K[1A[2K[G[9%] setup test (compilation ImportMetaPlugin)
[2K[1A[2K[G[9%] setup test (compilation URLPlugin)
[2K[1A[2K[G[9%] setup test (compilation DefaultStatsFactoryPlugin)
[2K[1A[2K[G[9%] setup test (compilation DefaultStatsPresetPlugin)
[2K[1A[2K[G[9%] setup test (compilation DefaultStatsPrinterPlugin)
[2K[1A[2K[G[9%] setup test (compilation JavascriptMetaInfoPlugin)
[2K[1A[2K[G[9%] setup test (compilation EnsureChunkConditionsPlugin)
[2K[1A[2K[G[9%] setup test (compilation RemoveEmptyChunksPlugin)
[2K[1A[2K[G[9%] setup test (compilation MergeDuplicateChunksPlugin)
[2K[1A[2K[G[9%] setup test (compilation FlagIncludedChunksPlugin)
[2K[1A[2K[G[9%] setup test (compilation SideEffectsFlagPlugin)
[2K[1A[2K[G[9%] setup test (compilation FlagDependencyExportsPlugin)
[2K[1A[2K[G[9%] setup test (compilation FlagDependencyUsagePlugin)
[2K[1A[2K[G[9%] setup test (compilation InnerGraphPlugin)
[2K[1A[2K[G[9%] setup test (compilation MangleExportsPlugin)
[2K[1A[2K[G[9%] setup test (compilation ModuleConcatenationPlugin)
[2K[1A[2K[G[9%] setup test (compilation NoEmitOnErrorsPlugin)
[2K[1A[2K[G[9%] setup test (compilation RealContentHashPlugin)
[2K[1A[2K[G[9%] setup test (compilation WasmFinalizeExportsPlugin)
[2K[1A[2K[G[9%] setup test (compilation DeterministicModuleIdsPlugin)
[2K[1A[2K[G[9%] setup test (compilation DeterministicChunkIdsPlugin)
[2K[1A[2K[G[9%] setup test (compilation DefinePlugin)
[2K[1A[2K[G[9%] setup test (compilation TerserPlugin)
[2K[1A[2K[G[9%] setup test (compilation TemplatedPathPlugin)
[2K[1A[2K[G[9%] setup test (compilation RecordIdsPlugin)
[2K[1A[2K[G[9%] setup test (compilation WarnCaseSensitiveModulesPlugin)
[2K[1A[2K[G[9%] setup test (compilation)
[2K[1A[2K[G[10%] building test 
[2K[1A[2K[G[10%] building test (0/0 modules)
 âœ“ node_modules/css-minimizer-webpack-plugin/node_modules/json-schema-traverse/spec/index.spec.js > json-schema-traverse > should traverse all keywords containing schemas recursively
 âœ“ node_modules/css-minimizer-webpack-plugin/node_modules/json-schema-traverse/spec/index.spec.js > json-schema-traverse > Legacy v0.3.1 API > should traverse all keywords containing schemas recursively
 âœ“ node_modules/css-minimizer-webpack-plugin/node_modules/json-schema-traverse/spec/index.spec.js > json-schema-traverse > Legacy v0.3.1 API > should work when an options object is provided
 âœ“ node_modules/css-minimizer-webpack-plugin/node_modules/json-schema-traverse/spec/index.spec.js > json-schema-traverse > allKeys option > should traverse objects with allKeys: true option
 âœ“ node_modules/css-minimizer-webpack-plugin/node_modules/json-schema-traverse/spec/index.spec.js > json-schema-traverse > allKeys option > should NOT traverse objects with allKeys: false option
 âœ“ node_modules/css-minimizer-webpack-plugin/node_modules/json-schema-traverse/spec/index.spec.js > json-schema-traverse > allKeys option > should NOT traverse objects without allKeys option
 âœ“ node_modules/css-minimizer-webpack-plugin/node_modules/json-schema-traverse/spec/index.spec.js > json-schema-traverse > allKeys option > should NOT travers objects in standard keywords which value is not a schema
 âœ“ node_modules/css-minimizer-webpack-plugin/node_modules/json-schema-traverse/spec/index.spec.js > json-schema-traverse > pre and post > should traverse schema in pre-order
 âœ“ node_modules/css-minimizer-webpack-plugin/node_modules/json-schema-traverse/spec/index.spec.js > json-schema-traverse > pre and post > should traverse schema in post-order
 âœ“ node_modules/css-minimizer-webpack-plugin/node_modules/json-schema-traverse/spec/index.spec.js > json-schema-traverse > pre and post > should traverse schema in pre- and post-order at the same time
 âœ“ node_modules/webpack-dev-server/node_modules/json-schema-traverse/spec/index.spec.js > json-schema-traverse > should traverse all keywords containing schemas recursively
 âœ“ node_modules/webpack-dev-server/node_modules/json-schema-traverse/spec/index.spec.js > json-schema-traverse > Legacy v0.3.1 API > should traverse all keywords containing schemas recursively
 âœ“ node_modules/webpack-dev-server/node_modules/json-schema-traverse/spec/index.spec.js > json-schema-traverse > Legacy v0.3.1 API > should work when an options object is provided
 âœ“ node_modules/webpack-dev-server/node_modules/json-schema-traverse/spec/index.spec.js > json-schema-traverse > allKeys option > should traverse objects with allKeys: true option
 âœ“ node_modules/webpack-dev-server/node_modules/json-schema-traverse/spec/index.spec.js > json-schema-traverse > allKeys option > should NOT traverse objects with allKeys: false option
 âœ“ node_modules/webpack-dev-server/node_modules/json-schema-traverse/spec/index.spec.js > json-schema-traverse > allKeys option > should NOT traverse objects without allKeys option
 âœ“ node_modules/webpack-dev-server/node_modules/json-schema-traverse/spec/index.spec.js > json-schema-traverse > allKeys option > should NOT travers objects in standard keywords which value is not a schema
 âœ“ node_modules/webpack-dev-server/node_modules/json-schema-traverse/spec/index.spec.js > json-schema-traverse > pre and post > should traverse schema in pre-order
 âœ“ node_modules/webpack-dev-server/node_modules/json-schema-traverse/spec/index.spec.js > json-schema-traverse > pre and post > should traverse schema in post-order
 âœ“ node_modules/webpack-dev-server/node_modules/json-schema-traverse/spec/index.spec.js > json-schema-traverse > pre and post > should traverse schema in pre- and post-order at the same time
 âœ“ node_modules/ajv-formats/node_modules/json-schema-traverse/spec/index.spec.js > json-schema-traverse > should traverse all keywords containing schemas recursively
 âœ“ node_modules/ajv-formats/node_modules/json-schema-traverse/spec/index.spec.js > json-schema-traverse > Legacy v0.3.1 API > should traverse all keywords containing schemas recursively
 âœ“ node_modules/ajv-formats/node_modules/json-schema-traverse/spec/index.spec.js > json-schema-traverse > Legacy v0.3.1 API > should work when an options object is provided
 âœ“ node_modules/ajv-formats/node_modules/json-schema-traverse/spec/index.spec.js > json-schema-traverse > allKeys option > should traverse objects with allKeys: true option
 âœ“ node_modules/ajv-formats/node_modules/json-schema-traverse/spec/index.spec.js > json-schema-traverse > allKeys option > should NOT traverse objects with allKeys: false option
 âœ“ node_modules/ajv-formats/node_modules/json-schema-traverse/spec/index.spec.js > json-schema-traverse > allKeys option > should NOT traverse objects without allKeys option
 âœ“ node_modules/ajv-formats/node_modules/json-schema-traverse/spec/index.spec.js > json-schema-traverse > allKeys option > should NOT travers objects in standard keywords which value is not a schema
 âœ“ node_modules/ajv-formats/node_modules/json-schema-traverse/spec/index.spec.js > json-schema-traverse > pre and post > should traverse schema in pre-order
 âœ“ node_modules/ajv-formats/node_modules/json-schema-traverse/spec/index.spec.js > json-schema-traverse > pre and post > should traverse schema in post-order
 âœ“ node_modules/ajv-formats/node_modules/json-schema-traverse/spec/index.spec.js > json-schema-traverse > pre and post > should traverse schema in pre- and post-order at the same time
 âœ“ node_modules/webpack/node_modules/json-schema-traverse/spec/index.spec.js > json-schema-traverse > should traverse all keywords containing schemas recursively
 âœ“ node_modules/webpack/node_modules/json-schema-traverse/spec/index.spec.js > json-schema-traverse > Legacy v0.3.1 API > should traverse all keywords containing schemas recursively
 âœ“ node_modules/webpack/node_modules/json-schema-traverse/spec/index.spec.js > json-schema-traverse > Legacy v0.3.1 API > should work when an options object is provided
 âœ“ node_modules/webpack/node_modules/json-schema-traverse/spec/index.spec.js > json-schema-traverse > allKeys option > should traverse objects with allKeys: true option
 âœ“ node_modules/webpack/node_modules/json-schema-traverse/spec/index.spec.js > json-schema-traverse > allKeys option > should NOT traverse objects with allKeys: false option
 âœ“ node_modules/webpack/node_modules/json-schema-traverse/spec/index.spec.js > json-schema-traverse > allKeys option > should NOT traverse objects without allKeys option
 âœ“ node_modules/webpack/node_modules/json-schema-traverse/spec/index.spec.js > json-schema-traverse > allKeys option > should NOT travers objects in standard keywords which value is not a schema
 âœ“ node_modules/webpack/node_modules/json-schema-traverse/spec/index.spec.js > json-schema-traverse > pre and post > should traverse schema in pre-order
 âœ“ node_modules/webpack/node_modules/json-schema-traverse/spec/index.spec.js > json-schema-traverse > pre and post > should traverse schema in post-order
 âœ“ node_modules/webpack/node_modules/json-schema-traverse/spec/index.spec.js > json-schema-traverse > pre and post > should traverse schema in pre- and post-order at the same time
 âœ“ node_modules/param-case/dist.es2015/index.spec.js > param case >  -> 
 âœ“ node_modules/param-case/dist.es2015/index.spec.js > param case > test -> test
 âœ“ node_modules/param-case/dist.es2015/index.spec.js > param case > test string -> test-string
 âœ“ node_modules/param-case/dist.es2015/index.spec.js > param case > Test String -> test-string
 âœ“ node_modules/param-case/dist.es2015/index.spec.js > param case > TestV2 -> test-v2
 âœ“ node_modules/param-case/dist.es2015/index.spec.js > param case > version 1.2.10 -> version-1-2-10
 âœ“ node_modules/param-case/dist.es2015/index.spec.js > param case > version 1.21.0 -> version-1-21-0
 âœ“ node_modules/json-schema-traverse/spec/index.spec.js > json-schema-traverse > should traverse all keywords containing schemas recursively
 âœ“ node_modules/json-schema-traverse/spec/index.spec.js > json-schema-traverse > Legacy v0.3.1 API > should traverse all keywords containing schemas recursively
 âœ“ node_modules/json-schema-traverse/spec/index.spec.js > json-schema-traverse > Legacy v0.3.1 API > should work when an options object is provided
 âœ“ node_modules/json-schema-traverse/spec/index.spec.js > json-schema-traverse > allKeys option > should traverse objects with allKeys: true option
 âœ“ node_modules/json-schema-traverse/spec/index.spec.js > json-schema-traverse > allKeys option > should NOT traverse objects with allKeys: false option
 âœ“ node_modules/json-schema-traverse/spec/index.spec.js > json-schema-traverse > allKeys option > should NOT traverse objects without allKeys option
 âœ“ node_modules/json-schema-traverse/spec/index.spec.js > json-schema-traverse > allKeys option > should NOT travers objects in standard keywords which value is not a schema
 âœ“ node_modules/json-schema-traverse/spec/index.spec.js > json-schema-traverse > pre and post > should traverse schema in pre-order
 âœ“ node_modules/json-schema-traverse/spec/index.spec.js > json-schema-traverse > pre and post > should traverse schema in post-order
 âœ“ node_modules/json-schema-traverse/spec/index.spec.js > json-schema-traverse > pre and post > should traverse schema in pre- and post-order at the same time
 âœ“ node_modules/no-case/dist.es2015/index.spec.js > no case > test -> test
 âœ“ node_modules/no-case/dist.es2015/index.spec.js > no case > TEST -> test
 âœ“ node_modules/no-case/dist.es2015/index.spec.js > no case > testString -> test string
 âœ“ node_modules/no-case/dist.es2015/index.spec.js > no case > testString123 -> test string123
 âœ“ node_modules/no-case/dist.es2015/index.spec.js > no case > testString_1_2_3 -> test string 1 2 3
 âœ“ node_modules/no-case/dist.es2015/index.spec.js > no case > x_256 -> x 256
 âœ“ node_modules/no-case/dist.es2015/index.spec.js > no case > anHTMLTag -> an html tag
 âœ“ node_modules/no-case/dist.es2015/index.spec.js > no case > ID123String -> id123 string
 âœ“ node_modules/no-case/dist.es2015/index.spec.js > no case > Id123String -> id123 string
 âœ“ node_modules/no-case/dist.es2015/index.spec.js > no case > foo bar123 -> foo bar123
 âœ“ node_modules/no-case/dist.es2015/index.spec.js > no case > a1bStar -> a1b star
 âœ“ node_modules/no-case/dist.es2015/index.spec.js > no case > CONSTANT_CASE  -> constant case
 âœ“ node_modules/no-case/dist.es2015/index.spec.js > no case > CONST123_FOO -> const123 foo
 âœ“ node_modules/no-case/dist.es2015/index.spec.js > no case > FOO_bar -> foo bar
 âœ“ node_modules/no-case/dist.es2015/index.spec.js > no case > XMLHttpRequest -> xml http request
 âœ“ node_modules/no-case/dist.es2015/index.spec.js > no case > IQueryAArgs -> i query a args
 âœ“ node_modules/no-case/dist.es2015/index.spec.js > no case > dot.case -> dot case
 âœ“ node_modules/no-case/dist.es2015/index.spec.js > no case > path/case -> path case
 âœ“ node_modules/no-case/dist.es2015/index.spec.js > no case > snake_case -> snake case
 âœ“ node_modules/no-case/dist.es2015/index.spec.js > no case > snake_case123 -> snake case123
 âœ“ node_modules/no-case/dist.es2015/index.spec.js > no case > snake_case_123 -> snake case 123
 âœ“ node_modules/no-case/dist.es2015/index.spec.js > no case > "quotes" -> quotes
 âœ“ node_modules/no-case/dist.es2015/index.spec.js > no case > version 0.45.0 -> version 0 45 0
 âœ“ node_modules/no-case/dist.es2015/index.spec.js > no case > version 0..78..9 -> version 0 78 9
 âœ“ node_modules/no-case/dist.es2015/index.spec.js > no case > version 4_99/4 -> version 4 99 4
 âœ“ node_modules/no-case/dist.es2015/index.spec.js > no case >   test   -> test
 âœ“ node_modules/no-case/dist.es2015/index.spec.js > no case > something_2014_other -> something 2014 other
 âœ“ node_modules/no-case/dist.es2015/index.spec.js > no case > amazon s3 data -> amazon s3 data
 âœ“ node_modules/no-case/dist.es2015/index.spec.js > no case > foo_13_bar -> foo 13 bar
 âœ“ node_modules/no-case/dist.es2015/index.spec.js > no case > camel2019 -> camel 2019
 âœ“ node_modules/no-case/dist.es2015/index.spec.js > no case > minifyURLs -> minify urls
 âœ“ node_modules/mini-css-extract-plugin/node_modules/json-schema-traverse/spec/index.spec.js > json-schema-traverse > should traverse all keywords containing schemas recursively
 âœ“ node_modules/mini-css-extract-plugin/node_modules/json-schema-traverse/spec/index.spec.js > json-schema-traverse > Legacy v0.3.1 API > should traverse all keywords containing schemas recursively
 âœ“ node_modules/mini-css-extract-plugin/node_modules/json-schema-traverse/spec/index.spec.js > json-schema-traverse > Legacy v0.3.1 API > should work when an options object is provided
 âœ“ node_modules/mini-css-extract-plugin/node_modules/json-schema-traverse/spec/index.spec.js > json-schema-traverse > allKeys option > should traverse objects with allKeys: true option
 âœ“ node_modules/mini-css-extract-plugin/node_modules/json-schema-traverse/spec/index.spec.js > json-schema-traverse > allKeys option > should NOT traverse objects with allKeys: false option
 âœ“ node_modules/mini-css-extract-plugin/node_modules/json-schema-traverse/spec/index.spec.js > json-schema-traverse > allKeys option > should NOT traverse objects without allKeys option
 âœ“ node_modules/mini-css-extract-plugin/node_modules/json-schema-traverse/spec/index.spec.js > json-schema-traverse > allKeys option > should NOT travers objects in standard keywords which value is not a schema
 âœ“ node_modules/mini-css-extract-plugin/node_modules/json-schema-traverse/spec/index.spec.js > json-schema-traverse > pre and post > should traverse schema in pre-order
 âœ“ node_modules/mini-css-extract-plugin/node_modules/json-schema-traverse/spec/index.spec.js > json-schema-traverse > pre and post > should traverse schema in post-order
 âœ“ node_modules/mini-css-extract-plugin/node_modules/json-schema-traverse/spec/index.spec.js > json-schema-traverse > pre and post > should traverse schema in pre- and post-order at the same time
 âœ“ node_modules/terser-webpack-plugin/node_modules/json-schema-traverse/spec/index.spec.js > json-schema-traverse > should traverse all keywords containing schemas recursively
 âœ“ node_modules/terser-webpack-plugin/node_modules/json-schema-traverse/spec/index.spec.js > json-schema-traverse > Legacy v0.3.1 API > should traverse all keywords containing schemas recursively
 âœ“ node_modules/terser-webpack-plugin/node_modules/json-schema-traverse/spec/index.spec.js > json-schema-traverse > Legacy v0.3.1 API > should work when an options object is provided
 âœ“ node_modules/terser-webpack-plugin/node_modules/json-schema-traverse/spec/index.spec.js > json-schema-traverse > allKeys option > should traverse objects with allKeys: true option
 âœ“ node_modules/terser-webpack-plugin/node_modules/json-schema-traverse/spec/index.spec.js > json-schema-traverse > allKeys option > should NOT traverse objects with allKeys: false option
 âœ“ node_modules/terser-webpack-plugin/node_modules/json-schema-traverse/spec/index.spec.js > json-schema-traverse > allKeys option > should NOT traverse objects without allKeys option
 âœ“ node_modules/terser-webpack-plugin/node_modules/json-schema-traverse/spec/index.spec.js > json-schema-traverse > allKeys option > should NOT travers objects in standard keywords which value is not a schema
 âœ“ node_modules/terser-webpack-plugin/node_modules/json-schema-traverse/spec/index.spec.js > json-schema-traverse > pre and post > should traverse schema in pre-order
 âœ“ node_modules/terser-webpack-plugin/node_modules/json-schema-traverse/spec/index.spec.js > json-schema-traverse > pre and post > should traverse schema in post-order
 âœ“ node_modules/terser-webpack-plugin/node_modules/json-schema-traverse/spec/index.spec.js > json-schema-traverse > pre and post > should traverse schema in pre- and post-order at the same time
 âœ“ node_modules/webpack-dev-middleware/node_modules/json-schema-traverse/spec/index.spec.js > json-schema-traverse > should traverse all keywords containing schemas recursively
 âœ“ node_modules/webpack-dev-middleware/node_modules/json-schema-traverse/spec/index.spec.js > json-schema-traverse > Legacy v0.3.1 API > should traverse all keywords containing schemas recursively
 âœ“ node_modules/webpack-dev-middleware/node_modules/json-schema-traverse/spec/index.spec.js > json-schema-traverse > Legacy v0.3.1 API > should work when an options object is provided
 âœ“ node_modules/webpack-dev-middleware/node_modules/json-schema-traverse/spec/index.spec.js > json-schema-traverse > allKeys option > should traverse objects with allKeys: true option
 âœ“ node_modules/webpack-dev-middleware/node_modules/json-schema-traverse/spec/index.spec.js > json-schema-traverse > allKeys option > should NOT traverse objects with allKeys: false option
 âœ“ node_modules/webpack-dev-middleware/node_modules/json-schema-traverse/spec/index.spec.js > json-schema-traverse > allKeys option > should NOT traverse objects without allKeys option
 âœ“ node_modules/webpack-dev-middleware/node_modules/json-schema-traverse/spec/index.spec.js > json-schema-traverse > allKeys option > should NOT travers objects in standard keywords which value is not a schema
 âœ“ node_modules/webpack-dev-middleware/node_modules/json-schema-traverse/spec/index.spec.js > json-schema-traverse > pre and post > should traverse schema in pre-order
 âœ“ node_modules/webpack-dev-middleware/node_modules/json-schema-traverse/spec/index.spec.js > json-schema-traverse > pre and post > should traverse schema in post-order
 âœ“ node_modules/webpack-dev-middleware/node_modules/json-schema-traverse/spec/index.spec.js > json-schema-traverse > pre and post > should traverse schema in pre- and post-order at the same time
 âœ“ node_modules/dot-case/dist/index.spec.js > dot case >  -> 
 âœ“ node_modules/dot-case/dist/index.spec.js > dot case > test -> test
 âœ“ node_modules/dot-case/dist/index.spec.js > dot case > test string -> test.string
 âœ“ node_modules/dot-case/dist/index.spec.js > dot case > Test String -> test.string
 âœ“ node_modules/dot-case/dist/index.spec.js > dot case > dot.case -> dot.case
 âœ“ node_modules/dot-case/dist/index.spec.js > dot case > path/case -> path.case
 âœ“ node_modules/dot-case/dist/index.spec.js > dot case > TestV2 -> test.v2
 âœ“ node_modules/dot-case/dist/index.spec.js > dot case > version 1.2.10 -> version.1.2.10
 âœ“ node_modules/dot-case/dist/index.spec.js > dot case > version 1.21.0 -> version.1.21.0
 âœ“ node_modules/no-case/dist/index.spec.js > no case > test -> test
 âœ“ node_modules/no-case/dist/index.spec.js > no case > TEST -> test
 âœ“ node_modules/no-case/dist/index.spec.js > no case > testString -> test string
 âœ“ node_modules/no-case/dist/index.spec.js > no case > testString123 -> test string123
 âœ“ node_modules/no-case/dist/index.spec.js > no case > testString_1_2_3 -> test string 1 2 3
 âœ“ node_modules/no-case/dist/index.spec.js > no case > x_256 -> x 256
 âœ“ node_modules/no-case/dist/index.spec.js > no case > anHTMLTag -> an html tag
 âœ“ node_modules/no-case/dist/index.spec.js > no case > ID123String -> id123 string
 âœ“ node_modules/no-case/dist/index.spec.js > no case > Id123String -> id123 string
 âœ“ node_modules/no-case/dist/index.spec.js > no case > foo bar123 -> foo bar123
 âœ“ node_modules/no-case/dist/index.spec.js > no case > a1bStar -> a1b star
 âœ“ node_modules/no-case/dist/index.spec.js > no case > CONSTANT_CASE  -> constant case
 âœ“ node_modules/no-case/dist/index.spec.js > no case > CONST123_FOO -> const123 foo
 âœ“ node_modules/no-case/dist/index.spec.js > no case > FOO_bar -> foo bar
 âœ“ node_modules/no-case/dist/index.spec.js > no case > XMLHttpRequest -> xml http request
 âœ“ node_modules/no-case/dist/index.spec.js > no case > IQueryAArgs -> i query a args
 âœ“ node_modules/no-case/dist/index.spec.js > no case > dot.case -> dot case
 âœ“ node_modules/no-case/dist/index.spec.js > no case > path/case -> path case
 âœ“ node_modules/no-case/dist/index.spec.js > no case > snake_case -> snake case
 âœ“ node_modules/no-case/dist/index.spec.js > no case > snake_case123 -> snake case123
 âœ“ node_modules/no-case/dist/index.spec.js > no case > snake_case_123 -> snake case 123
 âœ“ node_modules/no-case/dist/index.spec.js > no case > "quotes" -> quotes
 âœ“ node_modules/no-case/dist/index.spec.js > no case > version 0.45.0 -> version 0 45 0
 âœ“ node_modules/no-case/dist/index.spec.js > no case > version 0..78..9 -> version 0 78 9
 âœ“ node_modules/no-case/dist/index.spec.js > no case > version 4_99/4 -> version 4 99 4
 âœ“ node_modules/no-case/dist/index.spec.js > no case >   test   -> test
 âœ“ node_modules/no-case/dist/index.spec.js > no case > something_2014_other -> something 2014 other
 âœ“ node_modules/no-case/dist/index.spec.js > no case > amazon s3 data -> amazon s3 data
 âœ“ node_modules/no-case/dist/index.spec.js > no case > foo_13_bar -> foo 13 bar
 âœ“ node_modules/no-case/dist/index.spec.js > no case > camel2019 -> camel 2019
 âœ“ node_modules/no-case/dist/index.spec.js > no case > minifyURLs -> minify urls
 âœ“ node_modules/camel-case/dist/index.spec.js > camel case >  -> 
 âœ“ node_modules/camel-case/dist/index.spec.js > camel case > test -> test
 âœ“ node_modules/camel-case/dist/index.spec.js > camel case > test string -> testString
 âœ“ node_modules/camel-case/dist/index.spec.js > camel case > Test String -> testString
 âœ“ node_modules/camel-case/dist/index.spec.js > camel case > TestV2 -> testV2
 âœ“ node_modules/camel-case/dist/index.spec.js > camel case > _foo_bar_ -> fooBar
 âœ“ node_modules/camel-case/dist/index.spec.js > camel case > version 1.2.10 -> version_1_2_10
 âœ“ node_modules/camel-case/dist/index.spec.js > camel case > version 1.21.0 -> version_1_21_0
 âœ“ node_modules/camel-case/dist/index.spec.js > camel case > version 1.2.10 -> version1210
 âœ“ node_modules/pascal-case/dist.es2015/index.spec.js > pascal case >  -> 
 âœ“ node_modules/pascal-case/dist.es2015/index.spec.js > pascal case > test -> Test
 âœ“ node_modules/pascal-case/dist.es2015/index.spec.js > pascal case > test string -> TestString
 âœ“ node_modules/pascal-case/dist.es2015/index.spec.js > pascal case > Test String -> TestString
 âœ“ node_modules/pascal-case/dist.es2015/index.spec.js > pascal case > TestV2 -> TestV2
 âœ“ node_modules/pascal-case/dist.es2015/index.spec.js > pascal case > version 1.2.10 -> Version_1_2_10
 âœ“ node_modules/pascal-case/dist.es2015/index.spec.js > pascal case > version 1.21.0 -> Version_1_21_0
 âœ“ node_modules/pascal-case/dist.es2015/index.spec.js > pascal case > version 1.21.0 -> Version1210
 âœ“ node_modules/lower-case/dist/index.spec.js > lower case >  -> 
 âœ“ node_modules/lower-case/dist/index.spec.js > lower case > test -> test
 âœ“ node_modules/lower-case/dist/index.spec.js > lower case > TEST -> test
 âœ“ node_modules/lower-case/dist/index.spec.js > lower case > test string -> test string
 âœ“ node_modules/lower-case/dist/index.spec.js > lower case > TEST STRING -> test string
 âœ“ node_modules/lower-case/dist/index.spec.js > locale lower case > tr: STRING -> strÄ±ng
 âœ“ node_modules/lower-case/dist.es2015/index.spec.js > lower case >  -> 
 âœ“ node_modules/lower-case/dist.es2015/index.spec.js > lower case > test -> test
 âœ“ node_modules/lower-case/dist.es2015/index.spec.js > lower case > TEST -> test
 âœ“ node_modules/lower-case/dist.es2015/index.spec.js > lower case > test string -> test string
 âœ“ node_modules/lower-case/dist.es2015/index.spec.js > lower case > TEST STRING -> test string
 âœ“ node_modules/lower-case/dist.es2015/index.spec.js > locale lower case > tr: STRING -> strÄ±ng
 âœ“ node_modules/camel-case/dist.es2015/index.spec.js > camel case >  -> 
 âœ“ node_modules/camel-case/dist.es2015/index.spec.js > camel case > test -> test
 âœ“ node_modules/camel-case/dist.es2015/index.spec.js > camel case > test string -> testString
 âœ“ node_modules/camel-case/dist.es2015/index.spec.js > camel case > Test String -> testString
 âœ“ node_modules/camel-case/dist.es2015/index.spec.js > camel case > TestV2 -> testV2
 âœ“ node_modules/camel-case/dist.es2015/index.spec.js > camel case > _foo_bar_ -> fooBar
 âœ“ node_modules/camel-case/dist.es2015/index.spec.js > camel case > version 1.2.10 -> version_1_2_10
 âœ“ node_modules/camel-case/dist.es2015/index.spec.js > camel case > version 1.21.0 -> version_1_21_0
 âœ“ node_modules/camel-case/dist.es2015/index.spec.js > camel case > version 1.2.10 -> version1210
 âœ“ node_modules/pascal-case/dist/index.spec.js > pascal case >  -> 
 âœ“ node_modules/pascal-case/dist/index.spec.js > pascal case > test -> Test
 âœ“ node_modules/pascal-case/dist/index.spec.js > pascal case > test string -> TestString
 âœ“ node_modules/pascal-case/dist/index.spec.js > pascal case > Test String -> TestString
 âœ“ node_modules/pascal-case/dist/index.spec.js > pascal case > TestV2 -> TestV2
 âœ“ node_modules/pascal-case/dist/index.spec.js > pascal case > version 1.2.10 -> Version_1_2_10
 âœ“ node_modules/pascal-case/dist/index.spec.js > pascal case > version 1.21.0 -> Version_1_21_0
 âœ“ node_modules/pascal-case/dist/index.spec.js > pascal case > version 1.21.0 -> Version1210
 âœ“ node_modules/dot-case/dist.es2015/index.spec.js > dot case >  -> 
 âœ“ node_modules/dot-case/dist.es2015/index.spec.js > dot case > test -> test
 âœ“ node_modules/dot-case/dist.es2015/index.spec.js > dot case > test string -> test.string
 âœ“ node_modules/dot-case/dist.es2015/index.spec.js > dot case > Test String -> test.string
 âœ“ node_modules/dot-case/dist.es2015/index.spec.js > dot case > dot.case -> dot.case
 âœ“ node_modules/dot-case/dist.es2015/index.spec.js > dot case > path/case -> path.case
 âœ“ node_modules/dot-case/dist.es2015/index.spec.js > dot case > TestV2 -> test.v2
 âœ“ node_modules/dot-case/dist.es2015/index.spec.js > dot case > version 1.2.10 -> version.1.2.10
 âœ“ node_modules/dot-case/dist.es2015/index.spec.js > dot case > version 1.21.0 -> version.1.21.0
 âœ“ node_modules/param-case/dist/index.spec.js > param case >  -> 
 âœ“ node_modules/param-case/dist/index.spec.js > param case > test -> test
 âœ“ node_modules/param-case/dist/index.spec.js > param case > test string -> test-string
 âœ“ node_modules/param-case/dist/index.spec.js > param case > Test String -> test-string
 âœ“ node_modules/param-case/dist/index.spec.js > param case > TestV2 -> test-v2
 âœ“ node_modules/param-case/dist/index.spec.js > param case > version 1.2.10 -> version-1-2-10
 âœ“ node_modules/param-case/dist/index.spec.js > param case > version 1.21.0 -> version-1-21-0

âŽ¯âŽ¯âŽ¯âŽ¯âŽ¯âŽ¯ Failed Suites 22 âŽ¯âŽ¯âŽ¯âŽ¯âŽ¯âŽ¯

 FAIL  src/stores/__tests__/userPreferences.test.ts [ src/stores/__tests__/userPreferences.test.ts ]
Error: No test suite found in file /Users/juliecook/claude/LifeHubOrganizer/src/stores/__tests__/userPreferences.test.ts
âŽ¯âŽ¯âŽ¯âŽ¯âŽ¯âŽ¯âŽ¯âŽ¯âŽ¯âŽ¯âŽ¯âŽ¯âŽ¯âŽ¯âŽ¯âŽ¯âŽ¯âŽ¯âŽ¯âŽ¯âŽ¯âŽ¯âŽ¯[1/37]âŽ¯

 FAIL  src/utils/__tests__/calendarUtils.test.ts [ src/utils/__tests__/calendarUtils.test.ts ]
Error: No test suite found in file /Users/juliecook/claude/LifeHubOrganizer/src/utils/__tests__/calendarUtils.test.ts
âŽ¯âŽ¯âŽ¯âŽ¯âŽ¯âŽ¯âŽ¯âŽ¯âŽ¯âŽ¯âŽ¯âŽ¯âŽ¯âŽ¯âŽ¯âŽ¯âŽ¯âŽ¯âŽ¯âŽ¯âŽ¯âŽ¯âŽ¯[2/37]âŽ¯

 FAIL  src/utils/__tests__/dateUtils.test.ts [ src/utils/__tests__/dateUtils.test.ts ]
Error: No test suite found in file /Users/juliecook/claude/LifeHubOrganizer/src/utils/__tests__/dateUtils.test.ts
âŽ¯âŽ¯âŽ¯âŽ¯âŽ¯âŽ¯âŽ¯âŽ¯âŽ¯âŽ¯âŽ¯âŽ¯âŽ¯âŽ¯âŽ¯âŽ¯âŽ¯âŽ¯âŽ¯âŽ¯âŽ¯âŽ¯âŽ¯[3/37]âŽ¯

 FAIL  src/utils/__tests__/errorHandler.test.ts [ src/utils/__tests__/errorHandler.test.ts ]
Error: No test suite found in file /Users/juliecook/claude/LifeHubOrganizer/src/utils/__tests__/errorHandler.test.ts
âŽ¯âŽ¯âŽ¯âŽ¯âŽ¯âŽ¯âŽ¯âŽ¯âŽ¯âŽ¯âŽ¯âŽ¯âŽ¯âŽ¯âŽ¯âŽ¯âŽ¯âŽ¯âŽ¯âŽ¯âŽ¯âŽ¯âŽ¯[4/37]âŽ¯

 FAIL  src/utils/__tests__/familyUtils.test.ts [ src/utils/__tests__/familyUtils.test.ts ]
Error: No test suite found in file /Users/juliecook/claude/LifeHubOrganizer/src/utils/__tests__/familyUtils.test.ts
âŽ¯âŽ¯âŽ¯âŽ¯âŽ¯âŽ¯âŽ¯âŽ¯âŽ¯âŽ¯âŽ¯âŽ¯âŽ¯âŽ¯âŽ¯âŽ¯âŽ¯âŽ¯âŽ¯âŽ¯âŽ¯âŽ¯âŽ¯[5/37]âŽ¯

 FAIL  src/components/settings/__tests__/FeaturesSettings.test.ts [ src/components/settings/__tests__/FeaturesSettings.test.ts ]
Error: No test suite found in file /Users/juliecook/claude/LifeHubOrganizer/src/components/settings/__tests__/FeaturesSettings.test.ts
âŽ¯âŽ¯âŽ¯âŽ¯âŽ¯âŽ¯âŽ¯âŽ¯âŽ¯âŽ¯âŽ¯âŽ¯âŽ¯âŽ¯âŽ¯âŽ¯âŽ¯âŽ¯âŽ¯âŽ¯âŽ¯âŽ¯âŽ¯[6/37]âŽ¯

 FAIL  src/components/settings/__tests__/IntegrationsSettings.test.ts [ src/components/settings/__tests__/IntegrationsSettings.test.ts ]
Error: No test suite found in file /Users/juliecook/claude/LifeHubOrganizer/src/components/settings/__tests__/IntegrationsSettings.test.ts
âŽ¯âŽ¯âŽ¯âŽ¯âŽ¯âŽ¯âŽ¯âŽ¯âŽ¯âŽ¯âŽ¯âŽ¯âŽ¯âŽ¯âŽ¯âŽ¯âŽ¯âŽ¯âŽ¯âŽ¯âŽ¯âŽ¯âŽ¯[7/37]âŽ¯

 FAIL  src/components/settings/__tests__/NotificationsSettings.test.ts [ src/components/settings/__tests__/NotificationsSettings.test.ts ]
Error: No test suite found in file /Users/juliecook/claude/LifeHubOrganizer/src/components/settings/__tests__/NotificationsSettings.test.ts
âŽ¯âŽ¯âŽ¯âŽ¯âŽ¯âŽ¯âŽ¯âŽ¯âŽ¯âŽ¯âŽ¯âŽ¯âŽ¯âŽ¯âŽ¯âŽ¯âŽ¯âŽ¯âŽ¯âŽ¯âŽ¯âŽ¯âŽ¯[8/37]âŽ¯

 FAIL  src/components/settings/__tests__/ProfileSettings.test.ts [ src/components/settings/__tests__/ProfileSettings.test.ts ]
Error: No test suite found in file /Users/juliecook/claude/LifeHubOrganizer/src/components/settings/__tests__/ProfileSettings.test.ts
âŽ¯âŽ¯âŽ¯âŽ¯âŽ¯âŽ¯âŽ¯âŽ¯âŽ¯âŽ¯âŽ¯âŽ¯âŽ¯âŽ¯âŽ¯âŽ¯âŽ¯âŽ¯âŽ¯âŽ¯âŽ¯âŽ¯âŽ¯[9/37]âŽ¯

 FAIL  src/views/calendar/__tests__/CalendarView.test.ts [ src/views/calendar/__tests__/CalendarView.test.ts ]
Error: Failed to load url /src/services/calendar/personalEvents (resolved id: /Users/juliecook/claude/LifeHubOrganizer/src/services/calendar/personalEvents) in /Users/juliecook/claude/LifeHubOrganizer/src/views/calendar/__tests__/CalendarView.test.ts. Does the file exist?
 â¯ loadAndTransform node_modules/vite/dist/node/chunks/dep-3936e161.js:55018:21

âŽ¯âŽ¯âŽ¯âŽ¯âŽ¯âŽ¯âŽ¯âŽ¯âŽ¯âŽ¯âŽ¯âŽ¯âŽ¯âŽ¯âŽ¯âŽ¯âŽ¯âŽ¯âŽ¯âŽ¯âŽ¯âŽ¯[10/37]âŽ¯

 FAIL  src/views/settings/__tests__/SettingsView.test.ts [ src/views/settings/__tests__/SettingsView.test.ts ]
Error: No test suite found in file /Users/juliecook/claude/LifeHubOrganizer/src/views/settings/__tests__/SettingsView.test.ts
âŽ¯âŽ¯âŽ¯âŽ¯âŽ¯âŽ¯âŽ¯âŽ¯âŽ¯âŽ¯âŽ¯âŽ¯âŽ¯âŽ¯âŽ¯âŽ¯âŽ¯âŽ¯âŽ¯âŽ¯âŽ¯âŽ¯[11/37]âŽ¯

 FAIL  node_modules/fast-uri/test/ajv.test.js [ node_modules/fast-uri/test/ajv.test.js ]
Error: Cannot find module 'tape'
Require stack:
- /Users/juliecook/claude/LifeHubOrganizer/node_modules/fast-uri/test/ajv.test.js
 â¯ Object.<anonymous> node_modules/fast-uri/test/ajv.test.js:6:14

âŽ¯âŽ¯âŽ¯âŽ¯âŽ¯âŽ¯âŽ¯âŽ¯âŽ¯âŽ¯âŽ¯âŽ¯âŽ¯âŽ¯âŽ¯âŽ¯âŽ¯âŽ¯âŽ¯âŽ¯âŽ¯âŽ¯âŽ¯âŽ¯âŽ¯âŽ¯âŽ¯âŽ¯âŽ¯âŽ¯
Serialized Error: { code: 'MODULE_NOT_FOUND', requireStack: [ '/Users/juliecook/claude/LifeHubOrganizer/node_modules/fast-uri/test/ajv.test.js' ] }
âŽ¯âŽ¯âŽ¯âŽ¯âŽ¯âŽ¯âŽ¯âŽ¯âŽ¯âŽ¯âŽ¯âŽ¯âŽ¯âŽ¯âŽ¯âŽ¯âŽ¯âŽ¯âŽ¯âŽ¯âŽ¯âŽ¯[12/37]âŽ¯

 FAIL  node_modules/fast-uri/test/compatibility.test.js [ node_modules/fast-uri/test/compatibility.test.js ]
Error: Cannot find module 'tape'
Require stack:
- /Users/juliecook/claude/LifeHubOrganizer/node_modules/fast-uri/test/compatibility.test.js
 â¯ Object.<anonymous> node_modules/fast-uri/test/compatibility.test.js:3:14

âŽ¯âŽ¯âŽ¯âŽ¯âŽ¯âŽ¯âŽ¯âŽ¯âŽ¯âŽ¯âŽ¯âŽ¯âŽ¯âŽ¯âŽ¯âŽ¯âŽ¯âŽ¯âŽ¯âŽ¯âŽ¯âŽ¯âŽ¯âŽ¯âŽ¯âŽ¯âŽ¯âŽ¯âŽ¯âŽ¯
Serialized Error: { code: 'MODULE_NOT_FOUND', requireStack: [ '/Users/juliecook/claude/LifeHubOrganizer/node_modules/fast-uri/test/compatibility.test.js' ] }
âŽ¯âŽ¯âŽ¯âŽ¯âŽ¯âŽ¯âŽ¯âŽ¯âŽ¯âŽ¯âŽ¯âŽ¯âŽ¯âŽ¯âŽ¯âŽ¯âŽ¯âŽ¯âŽ¯âŽ¯âŽ¯âŽ¯[13/37]âŽ¯

 FAIL  node_modules/fast-uri/test/equal.test.js [ node_modules/fast-uri/test/equal.test.js ]
Error: Cannot find module 'tape'
Require stack:
- /Users/juliecook/claude/LifeHubOrganizer/node_modules/fast-uri/test/equal.test.js
 â¯ Object.<anonymous> node_modules/fast-uri/test/equal.test.js:3:14

âŽ¯âŽ¯âŽ¯âŽ¯âŽ¯âŽ¯âŽ¯âŽ¯âŽ¯âŽ¯âŽ¯âŽ¯âŽ¯âŽ¯âŽ¯âŽ¯âŽ¯âŽ¯âŽ¯âŽ¯âŽ¯âŽ¯âŽ¯âŽ¯âŽ¯âŽ¯âŽ¯âŽ¯âŽ¯âŽ¯
Serialized Error: { code: 'MODULE_NOT_FOUND', requireStack: [ '/Users/juliecook/claude/LifeHubOrganizer/node_modules/fast-uri/test/equal.test.js' ] }
âŽ¯âŽ¯âŽ¯âŽ¯âŽ¯âŽ¯âŽ¯âŽ¯âŽ¯âŽ¯âŽ¯âŽ¯âŽ¯âŽ¯âŽ¯âŽ¯âŽ¯âŽ¯âŽ¯âŽ¯âŽ¯âŽ¯[14/37]âŽ¯

 FAIL  node_modules/fast-uri/test/parse.test.js [ node_modules/fast-uri/test/parse.test.js ]
Error: Cannot find module 'tape'
Require stack:
- /Users/juliecook/claude/LifeHubOrganizer/node_modules/fast-uri/test/parse.test.js
 â¯ Object.<anonymous> node_modules/fast-uri/test/parse.test.js:3:14

âŽ¯âŽ¯âŽ¯âŽ¯âŽ¯âŽ¯âŽ¯âŽ¯âŽ¯âŽ¯âŽ¯âŽ¯âŽ¯âŽ¯âŽ¯âŽ¯âŽ¯âŽ¯âŽ¯âŽ¯âŽ¯âŽ¯âŽ¯âŽ¯âŽ¯âŽ¯âŽ¯âŽ¯âŽ¯âŽ¯
Serialized Error: { code: 'MODULE_NOT_FOUND', requireStack: [ '/Users/juliecook/claude/LifeHubOrganizer/node_modules/fast-uri/test/parse.test.js' ] }
âŽ¯âŽ¯âŽ¯âŽ¯âŽ¯âŽ¯âŽ¯âŽ¯âŽ¯âŽ¯âŽ¯âŽ¯âŽ¯âŽ¯âŽ¯âŽ¯âŽ¯âŽ¯âŽ¯âŽ¯âŽ¯âŽ¯[15/37]âŽ¯

 FAIL  node_modules/fast-uri/test/resolve.test.js [ node_modules/fast-uri/test/resolve.test.js ]
Error: Cannot find module 'tape'
Require stack:
- /Users/juliecook/claude/LifeHubOrganizer/node_modules/fast-uri/test/resolve.test.js
 â¯ Object.<anonymous> node_modules/fast-uri/test/resolve.test.js:3:14

âŽ¯âŽ¯âŽ¯âŽ¯âŽ¯âŽ¯âŽ¯âŽ¯âŽ¯âŽ¯âŽ¯âŽ¯âŽ¯âŽ¯âŽ¯âŽ¯âŽ¯âŽ¯âŽ¯âŽ¯âŽ¯âŽ¯âŽ¯âŽ¯âŽ¯âŽ¯âŽ¯âŽ¯âŽ¯âŽ¯
Serialized Error: { code: 'MODULE_NOT_FOUND', requireStack: [ '/Users/juliecook/claude/LifeHubOrganizer/node_modules/fast-uri/test/resolve.test.js' ] }
âŽ¯âŽ¯âŽ¯âŽ¯âŽ¯âŽ¯âŽ¯âŽ¯âŽ¯âŽ¯âŽ¯âŽ¯âŽ¯âŽ¯âŽ¯âŽ¯âŽ¯âŽ¯âŽ¯âŽ¯âŽ¯âŽ¯[16/37]âŽ¯

 FAIL  node_modules/fast-uri/test/serialize.test.js [ node_modules/fast-uri/test/serialize.test.js ]
Error: Cannot find module 'tape'
Require stack:
- /Users/juliecook/claude/LifeHubOrganizer/node_modules/fast-uri/test/serialize.test.js
 â¯ Object.<anonymous> node_modules/fast-uri/test/serialize.test.js:3:14

âŽ¯âŽ¯âŽ¯âŽ¯âŽ¯âŽ¯âŽ¯âŽ¯âŽ¯âŽ¯âŽ¯âŽ¯âŽ¯âŽ¯âŽ¯âŽ¯âŽ¯âŽ¯âŽ¯âŽ¯âŽ¯âŽ¯âŽ¯âŽ¯âŽ¯âŽ¯âŽ¯âŽ¯âŽ¯âŽ¯
Serialized Error: { code: 'MODULE_NOT_FOUND', requireStack: [ '/Users/juliecook/claude/LifeHubOrganizer/node_modules/fast-uri/test/serialize.test.js' ] }
âŽ¯âŽ¯âŽ¯âŽ¯âŽ¯âŽ¯âŽ¯âŽ¯âŽ¯âŽ¯âŽ¯âŽ¯âŽ¯âŽ¯âŽ¯âŽ¯âŽ¯âŽ¯âŽ¯âŽ¯âŽ¯âŽ¯[17/37]âŽ¯

 FAIL  node_modules/fast-uri/test/uri-js.test.js [ node_modules/fast-uri/test/uri-js.test.js ]
Error: Cannot find module 'tape'
Require stack:
- /Users/juliecook/claude/LifeHubOrganizer/node_modules/fast-uri/test/uri-js.test.js
 â¯ Object.<anonymous> node_modules/fast-uri/test/uri-js.test.js:3:14

âŽ¯âŽ¯âŽ¯âŽ¯âŽ¯âŽ¯âŽ¯âŽ¯âŽ¯âŽ¯âŽ¯âŽ¯âŽ¯âŽ¯âŽ¯âŽ¯âŽ¯âŽ¯âŽ¯âŽ¯âŽ¯âŽ¯âŽ¯âŽ¯âŽ¯âŽ¯âŽ¯âŽ¯âŽ¯âŽ¯
Serialized Error: { code: 'MODULE_NOT_FOUND', requireStack: [ '/Users/juliecook/claude/LifeHubOrganizer/node_modules/fast-uri/test/uri-js.test.js' ] }
âŽ¯âŽ¯âŽ¯âŽ¯âŽ¯âŽ¯âŽ¯âŽ¯âŽ¯âŽ¯âŽ¯âŽ¯âŽ¯âŽ¯âŽ¯âŽ¯âŽ¯âŽ¯âŽ¯âŽ¯âŽ¯âŽ¯[18/37]âŽ¯

 FAIL  node_modules/fast-uri/test/util.test.js [ node_modules/fast-uri/test/util.test.js ]
Error: Cannot find module 'tape'
Require stack:
- /Users/juliecook/claude/LifeHubOrganizer/node_modules/fast-uri/test/util.test.js
 â¯ Object.<anonymous> node_modules/fast-uri/test/util.test.js:3:14

âŽ¯âŽ¯âŽ¯âŽ¯âŽ¯âŽ¯âŽ¯âŽ¯âŽ¯âŽ¯âŽ¯âŽ¯âŽ¯âŽ¯âŽ¯âŽ¯âŽ¯âŽ¯âŽ¯âŽ¯âŽ¯âŽ¯âŽ¯âŽ¯âŽ¯âŽ¯âŽ¯âŽ¯âŽ¯âŽ¯
Serialized Error: { code: 'MODULE_NOT_FOUND', requireStack: [ '/Users/juliecook/claude/LifeHubOrganizer/node_modules/fast-uri/test/util.test.js' ] }
âŽ¯âŽ¯âŽ¯âŽ¯âŽ¯âŽ¯âŽ¯âŽ¯âŽ¯âŽ¯âŽ¯âŽ¯âŽ¯âŽ¯âŽ¯âŽ¯âŽ¯âŽ¯âŽ¯âŽ¯âŽ¯âŽ¯[19/37]âŽ¯

 FAIL  node_modules/gensync/test/index.test.js [ node_modules/gensync/test/index.test.js ]
Error: Cannot find module 'util.promisify'
Require stack:
- /Users/juliecook/claude/LifeHubOrganizer/node_modules/gensync/test/index.test.js
 â¯ Object.<anonymous> node_modules/gensync/test/index.test.js:3:19

âŽ¯âŽ¯âŽ¯âŽ¯âŽ¯âŽ¯âŽ¯âŽ¯âŽ¯âŽ¯âŽ¯âŽ¯âŽ¯âŽ¯âŽ¯âŽ¯âŽ¯âŽ¯âŽ¯âŽ¯âŽ¯âŽ¯âŽ¯âŽ¯âŽ¯âŽ¯âŽ¯âŽ¯âŽ¯âŽ¯
Serialized Error: { code: 'MODULE_NOT_FOUND', requireStack: [ '/Users/juliecook/claude/LifeHubOrganizer/node_modules/gensync/test/index.test.js' ] }
âŽ¯âŽ¯âŽ¯âŽ¯âŽ¯âŽ¯âŽ¯âŽ¯âŽ¯âŽ¯âŽ¯âŽ¯âŽ¯âŽ¯âŽ¯âŽ¯âŽ¯âŽ¯âŽ¯âŽ¯âŽ¯âŽ¯[20/37]âŽ¯

 FAIL  node_modules/memorystream/test/memorystream.test.js [ node_modules/memorystream/test/memorystream.test.js ]
Error: Cannot find module 'expect.js'
Require stack:
- /Users/juliecook/claude/LifeHubOrganizer/node_modules/memorystream/test/memorystream.test.js
 â¯ Object.<anonymous> node_modules/memorystream/test/memorystream.test.js:2:14

âŽ¯âŽ¯âŽ¯âŽ¯âŽ¯âŽ¯âŽ¯âŽ¯âŽ¯âŽ¯âŽ¯âŽ¯âŽ¯âŽ¯âŽ¯âŽ¯âŽ¯âŽ¯âŽ¯âŽ¯âŽ¯âŽ¯âŽ¯âŽ¯âŽ¯âŽ¯âŽ¯âŽ¯âŽ¯âŽ¯
Serialized Error: { code: 'MODULE_NOT_FOUND', requireStack: [ '/Users/juliecook/claude/LifeHubOrganizer/node_modules/memorystream/test/memorystream.test.js' ] }
âŽ¯âŽ¯âŽ¯âŽ¯âŽ¯âŽ¯âŽ¯âŽ¯âŽ¯âŽ¯âŽ¯âŽ¯âŽ¯âŽ¯âŽ¯âŽ¯âŽ¯âŽ¯âŽ¯âŽ¯âŽ¯âŽ¯[21/37]âŽ¯

 FAIL  node_modules/@bcoe/v8-coverage/src/test/merge.spec.ts [ node_modules/@bcoe/v8-coverage/src/test/merge.spec.ts ]
Error: ENOENT: no such file or directory, scandir '/Users/juliecook/claude/LifeHubOrganizer/node_modules/test-data/merge/ranges'
 â¯ Object.readdirSync node:fs:1517:26
 â¯ getSourcesFrom node_modules/@bcoe/v8-coverage/src/test/merge.spec.ts:234:49
 â¯ node_modules/@bcoe/v8-coverage/src/test/merge.spec.ts:169:16

âŽ¯âŽ¯âŽ¯âŽ¯âŽ¯âŽ¯âŽ¯âŽ¯âŽ¯âŽ¯âŽ¯âŽ¯âŽ¯âŽ¯âŽ¯âŽ¯âŽ¯âŽ¯âŽ¯âŽ¯âŽ¯âŽ¯âŽ¯âŽ¯âŽ¯âŽ¯âŽ¯âŽ¯âŽ¯âŽ¯
Serialized Error: { errno: -2, code: 'ENOENT', syscall: 'scandir', path: '/Users/juliecook/claude/LifeHubOrganizer/node_modules/test-data/merge/ranges' }
âŽ¯âŽ¯âŽ¯âŽ¯âŽ¯âŽ¯âŽ¯âŽ¯âŽ¯âŽ¯âŽ¯âŽ¯âŽ¯âŽ¯âŽ¯âŽ¯âŽ¯âŽ¯âŽ¯âŽ¯âŽ¯âŽ¯[22/37]âŽ¯

âŽ¯âŽ¯âŽ¯âŽ¯âŽ¯âŽ¯ Failed Tests 15 âŽ¯âŽ¯âŽ¯âŽ¯âŽ¯âŽ¯âŽ¯

 FAIL  src/router/__tests__/router.test.ts > Router Guards > Authentication > should redirect unauthenticated users to login
AssertionError: expected "spy" to be called with arguments: [ ObjectContaining{ â€¦(3) } ]

Received: 

  1st spy call:

  Array [
-   ObjectContaining {
-     "name": "login",
-   },
+   "/home",
  ]


Number of calls: 1

 â¯ src/router/__tests__/router.test.ts:41:30
     39|       
     40|       // Check if redirect happened
     41|       expect(mockRouterPush).toHaveBeenCalledWith(expect.objectContainâ€¦
       |                              ^
     42|         name: 'login'
     43|       }));

âŽ¯âŽ¯âŽ¯âŽ¯âŽ¯âŽ¯âŽ¯âŽ¯âŽ¯âŽ¯âŽ¯âŽ¯âŽ¯âŽ¯âŽ¯âŽ¯âŽ¯âŽ¯âŽ¯âŽ¯âŽ¯âŽ¯[23/37]âŽ¯

 FAIL  src/stores/__tests__/family.test.ts > Family Store > initialization > should handle initialization errors
AssertionError: expected '[object Object]' to be 'Failed to load family' // Object.is equality

- Expected
+ Received

- Failed to load family
+ [object Object]

 â¯ src/stores/__tests__/family.test.ts:150:28
    148| 
    149|       expect(result.success).toBe(false);
    150|       expect(result.error).toBe(mockError.message);
       |                            ^
    151|       expect(store.currentFamily).toBeNull();
    152|     });

âŽ¯âŽ¯âŽ¯âŽ¯âŽ¯âŽ¯âŽ¯âŽ¯âŽ¯âŽ¯âŽ¯âŽ¯âŽ¯âŽ¯âŽ¯âŽ¯âŽ¯âŽ¯âŽ¯âŽ¯âŽ¯âŽ¯[24/37]âŽ¯

 FAIL  src/stores/__tests__/family.test.ts > Family Store > family creation > should handle family creation errors
AssertionError: expected '[object Object]' to be 'Failed to create family' // Object.is equality

- Expected
+ Received

- Failed to create family
+ [object Object]

 â¯ src/stores/__tests__/family.test.ts:198:28
    196| 
    197|       expect(result.success).toBe(false);
    198|       expect(result.error).toBe(mockError.message);
       |                            ^
    199|       expect(store.currentFamily).toBeNull();
    200|     });

âŽ¯âŽ¯âŽ¯âŽ¯âŽ¯âŽ¯âŽ¯âŽ¯âŽ¯âŽ¯âŽ¯âŽ¯âŽ¯âŽ¯âŽ¯âŽ¯âŽ¯âŽ¯âŽ¯âŽ¯âŽ¯âŽ¯[25/37]âŽ¯

 FAIL  src/components/calendar/__tests__/CalendarGrid.test.ts > CalendarGrid.vue > renders correct number of days
AssertionError: expected [ DOMWrapper{ â€¦(2) }, â€¦(17) ] to have a length of 7 but got 18

- Expected
+ Received

- 7
+ 18

 â¯ src/components/calendar/__tests__/CalendarGrid.test.ts:23:24
     21|     // Should render 7 day headers
     22|     const dayHeaders = wrapper.findAll('.bg-gray-50');
     23|     expect(dayHeaders).toHaveLength(7);
       |                        ^
     24| 
     25|     // Should render 42 day cells (6 weeks * 7 days)

âŽ¯âŽ¯âŽ¯âŽ¯âŽ¯âŽ¯âŽ¯âŽ¯âŽ¯âŽ¯âŽ¯âŽ¯âŽ¯âŽ¯âŽ¯âŽ¯âŽ¯âŽ¯âŽ¯âŽ¯âŽ¯âŽ¯[26/37]âŽ¯

 FAIL  src/components/calendar/__tests__/CalendarGrid.test.ts > CalendarGrid.vue > emits month-changed event when navigating
AssertionError: expected { month: 2, year: 2025, â€¦(1) } to deeply equal { month: 3, year: 2025, â€¦(1) }

- Expected
+ Received

  Object {
    "date": Any<Date>,
-   "month": 3,
+   "month": 2,
    "year": 2025,
  }

 â¯ src/components/calendar/__tests__/CalendarGrid.test.ts:39:54
     37| 
     38|     expect(wrapper.emitted('month-changed')).toBeTruthy();
     39|     expect(wrapper.emitted('month-changed')?.[0][0]).toEqual({
       |                                                      ^
     40|       month: 3, // April (0-based)
     41|       year: 2025,

âŽ¯âŽ¯âŽ¯âŽ¯âŽ¯âŽ¯âŽ¯âŽ¯âŽ¯âŽ¯âŽ¯âŽ¯âŽ¯âŽ¯âŽ¯âŽ¯âŽ¯âŽ¯âŽ¯âŽ¯âŽ¯âŽ¯[27/37]âŽ¯

 FAIL  src/components/calendar/__tests__/CalendarGrid.test.ts > CalendarGrid.vue > handles custom day names
AssertionError: expected '23' to be undefined // Object.is equality

- Expected: 
undefined

+ Received: 
"23"

 â¯ src/components/calendar/__tests__/CalendarGrid.test.ts:77:29
     75|     const dayHeaders = wrapper.findAll('.bg-gray-50');
     76|     dayHeaders.forEach((header, index) => {
     77|       expect(header.text()).toBe(customDayNames[index]);
       |                             ^
     78|     });
     79|   });
 â¯ src/components/calendar/__tests__/CalendarGrid.test.ts:76:16

âŽ¯âŽ¯âŽ¯âŽ¯âŽ¯âŽ¯âŽ¯âŽ¯âŽ¯âŽ¯âŽ¯âŽ¯âŽ¯âŽ¯âŽ¯âŽ¯âŽ¯âŽ¯âŽ¯âŽ¯âŽ¯âŽ¯[28/37]âŽ¯

 FAIL  src/components/calendar/__tests__/CalendarGrid.test.ts > CalendarGrid.vue > marks today correctly
AssertionError: expected false to be true // Object.is equality

- Expected
+ Received

- true
+ false

 â¯ src/components/calendar/__tests__/CalendarGrid.test.ts:99:32
     97| 
     98|     const todayCell = wrapper.find('.bg-blue-50');
     99|     expect(todayCell.exists()).toBe(true);
       |                                ^
    100| 
    101|     // Restore original Date

âŽ¯âŽ¯âŽ¯âŽ¯âŽ¯âŽ¯âŽ¯âŽ¯âŽ¯âŽ¯âŽ¯âŽ¯âŽ¯âŽ¯âŽ¯âŽ¯âŽ¯âŽ¯âŽ¯âŽ¯âŽ¯âŽ¯[29/37]âŽ¯

 FAIL  src/components/calendar/__tests__/CalendarGrid.test.ts > CalendarGrid.vue > handles date changes through props
AssertionError: expected { month: 2, year: 2025, â€¦(1) } to deeply equal { month: 3, year: 2025, â€¦(1) }

- Expected
+ Received

  Object {
    "date": Any<<anonymous>>,
-   "month": 3,
+   "month": 2,
    "year": 2025,
  }

 â¯ src/components/calendar/__tests__/CalendarGrid.test.ts:149:54
    147| 
    148|     expect(wrapper.emitted('month-changed')).toBeTruthy();
    149|     expect(wrapper.emitted('month-changed')?.[0][0]).toEqual({
       |                                                      ^
    150|       month: 3, // April (0-based)
    151|       year: 2025,

âŽ¯âŽ¯âŽ¯âŽ¯âŽ¯âŽ¯âŽ¯âŽ¯âŽ¯âŽ¯âŽ¯âŽ¯âŽ¯âŽ¯âŽ¯âŽ¯âŽ¯âŽ¯âŽ¯âŽ¯âŽ¯âŽ¯[30/37]âŽ¯

 FAIL  src/components/calendar/__tests__/DeleteConfirmationModal.test.ts > DeleteConfirmationModal > Processing State > should disable buttons and show spinner when processing
AssertionError: expected false to be true // Object.is equality

- Expected
+ Received

- true
+ false

 â¯ src/components/calendar/__tests__/DeleteConfirmationModal.test.ts:80:65
     78|       expect(findByTestId(wrapper, 'cancel-button').attributes('disablâ€¦
     79|       expect(findByTestId(wrapper, 'confirm-button').attributes('disabâ€¦
     80|       expect(findByTestId(wrapper, 'loading-spinner').exists()).toBe(tâ€¦
       |                                                                 ^
     81|     });
     82|   });

âŽ¯âŽ¯âŽ¯âŽ¯âŽ¯âŽ¯âŽ¯âŽ¯âŽ¯âŽ¯âŽ¯âŽ¯âŽ¯âŽ¯âŽ¯âŽ¯âŽ¯âŽ¯âŽ¯âŽ¯âŽ¯âŽ¯[31/37]âŽ¯

 FAIL  src/components/calendar/__tests__/EventModal.test.ts > EventModal.vue > Feature-specific Behavior > shows work schedule options for work events
AssertionError: expected false to be true // Object.is equality

- Expected
+ Received

- true
+ false

 â¯ src/components/calendar/__tests__/EventModal.test.ts:238:52
    236|       })
    237| 
    238|       expect(wrapper.find('#recurrence').exists()).toBe(true)
       |                                                    ^
    239|     })
    240| 

âŽ¯âŽ¯âŽ¯âŽ¯âŽ¯âŽ¯âŽ¯âŽ¯âŽ¯âŽ¯âŽ¯âŽ¯âŽ¯âŽ¯âŽ¯âŽ¯âŽ¯âŽ¯âŽ¯âŽ¯âŽ¯âŽ¯[32/37]âŽ¯

 FAIL  src/components/calendar/__tests__/EventModal.test.ts > EventModal.vue > Feature-specific Behavior > validates required fields before submission
AssertionError: expected [ [ { id: '', title: '', â€¦(10) } ] ] to be falsy

- Expected: 
Array [
  Array [
    Object {
      "color": "#3B82F6",
      "description": "",
      "end_time": "2025-03-09T14:00:00.000Z",
      "event_type": "personal",
      "id": "",
      "is_all_day": false,
      "location": "",
      "metadata": Object {},
      "recurrence_rule": "",
      "start_time": "2025-03-09T13:00:00.000Z",
      "title": "",
      "visibility": "private",
    },
  ],
]

+ Received: 
false

 â¯ src/components/calendar/__tests__/EventModal.test.ts:289:39
    287| 
    288|       // Verify that the form wasn't submitted
    289|       expect(wrapper.emitted('save')).toBeFalsy()
       |                                       ^
    290|     })
    291|   })

âŽ¯âŽ¯âŽ¯âŽ¯âŽ¯âŽ¯âŽ¯âŽ¯âŽ¯âŽ¯âŽ¯âŽ¯âŽ¯âŽ¯âŽ¯âŽ¯âŽ¯âŽ¯âŽ¯âŽ¯âŽ¯âŽ¯[33/37]âŽ¯

 FAIL  src/components/settings/__tests__/FamilySettings.test.ts > Family Settings Component > Rendering > should show personal mode message when isPersonalOnly is true
SyntaxError: 'button:contains("Create a Family")' is not a valid selector
 â¯ emit node_modules/nwsapi/src/nwsapi.js:664:17
 â¯ Object._matches [as match] node_modules/nwsapi/src/nwsapi.js:1544:9
 â¯ HTMLDivElementImpl.ElementImpl.matches node_modules/jsdom/lib/jsdom/living/nodes/Element-impl.js:571:18
 â¯ HTMLDivElement.matches node_modules/jsdom/lib/jsdom/living/generated/Element.js:655:34
 â¯ node_modules/@vue/test-utils/dist/vue-test-utils.cjs.js:7164:94
 â¯ VueWrapper.BaseWrapper.findAllDOMElements node_modules/@vue/test-utils/dist/vue-test-utils.cjs.js:7164:57
 â¯ VueWrapper.findAll node_modules/@vue/test-utils/dist/vue-test-utils.cjs.js:7695:21
 â¯ VueWrapper.BaseWrapper.find node_modules/@vue/test-utils/dist/vue-test-utils.cjs.js:7188:29
 â¯ src/components/settings/__tests__/FamilySettings.test.ts:48:22
     46|       const wrapper = createWrapper({ isPersonalOnly: true });
     47|       expect(wrapper.text()).toContain('You\'re using LifeHubOrganizerâ€¦
     48|       expect(wrapper.find('button:contains("Create a Family")').existsâ€¦
       |                      ^
     49|     });
     50| 

âŽ¯âŽ¯âŽ¯âŽ¯âŽ¯âŽ¯âŽ¯âŽ¯âŽ¯âŽ¯âŽ¯âŽ¯âŽ¯âŽ¯âŽ¯âŽ¯âŽ¯âŽ¯âŽ¯âŽ¯âŽ¯âŽ¯âŽ¯âŽ¯âŽ¯âŽ¯âŽ¯âŽ¯âŽ¯âŽ¯
Serialized Error: { code: 12, INDEX_SIZE_ERR: 1, DOMSTRING_SIZE_ERR: 2, HIERARCHY_REQUEST_ERR: 3, WRONG_DOCUMENT_ERR: 4, INVALID_CHARACTER_ERR: 5, NO_DATA_ALLOWED_ERR: 6, NO_MODIFICATION_ALLOWED_ERR: 7, NOT_FOUND_ERR: 8, NOT_SUPPORTED_ERR: 9, INUSE_ATTRIBUTE_ERR: 10, INVALID_STATE_ERR: 11, SYNTAX_ERR: 12, INVALID_MODIFICATION_ERR: 13, NAMESPACE_ERR: 14, INVALID_ACCESS_ERR: 15, VALIDATION_ERR: 16, TYPE_MISMATCH_ERR: 17, SECURITY_ERR: 18, NETWORK_ERR: 19, ABORT_ERR: 20, URL_MISMATCH_ERR: 21, QUOTA_EXCEEDED_ERR: 22, TIMEOUT_ERR: 23, INVALID_NODE_TYPE_ERR: 24, DATA_CLONE_ERR: 25 }
âŽ¯âŽ¯âŽ¯âŽ¯âŽ¯âŽ¯âŽ¯âŽ¯âŽ¯âŽ¯âŽ¯âŽ¯âŽ¯âŽ¯âŽ¯âŽ¯âŽ¯âŽ¯âŽ¯âŽ¯âŽ¯âŽ¯[34/37]âŽ¯

 FAIL  src/components/settings/__tests__/FamilySettings.test.ts > Family Settings Component > Interactions > should emit create-family event when clicking create family button
SyntaxError: 'button:contains("Create a Family")' is not a valid selector
 â¯ emit node_modules/nwsapi/src/nwsapi.js:664:17
 â¯ Object._matches [as match] node_modules/nwsapi/src/nwsapi.js:1544:9
 â¯ HTMLDivElementImpl.ElementImpl.matches node_modules/jsdom/lib/jsdom/living/nodes/Element-impl.js:571:18
 â¯ HTMLDivElement.matches node_modules/jsdom/lib/jsdom/living/generated/Element.js:655:34
 â¯ node_modules/@vue/test-utils/dist/vue-test-utils.cjs.js:7164:94
 â¯ VueWrapper.BaseWrapper.findAllDOMElements node_modules/@vue/test-utils/dist/vue-test-utils.cjs.js:7164:57
 â¯ VueWrapper.findAll node_modules/@vue/test-utils/dist/vue-test-utils.cjs.js:7695:21
 â¯ VueWrapper.BaseWrapper.find node_modules/@vue/test-utils/dist/vue-test-utils.cjs.js:7188:29
 â¯ src/components/settings/__tests__/FamilySettings.test.ts:76:21
     74|     it('should emit create-family event when clicking create family buâ€¦
     75|       const wrapper = createWrapper({ isPersonalOnly: true });
     76|       await wrapper.find('button:contains("Create a Family")').triggerâ€¦
       |                     ^
     77|       expect(wrapper.emitted('create-family')).toBeTruthy();
     78|     });

âŽ¯âŽ¯âŽ¯âŽ¯âŽ¯âŽ¯âŽ¯âŽ¯âŽ¯âŽ¯âŽ¯âŽ¯âŽ¯âŽ¯âŽ¯âŽ¯âŽ¯âŽ¯âŽ¯âŽ¯âŽ¯âŽ¯âŽ¯âŽ¯âŽ¯âŽ¯âŽ¯âŽ¯âŽ¯âŽ¯
Serialized Error: { code: 12, INDEX_SIZE_ERR: 1, DOMSTRING_SIZE_ERR: 2, HIERARCHY_REQUEST_ERR: 3, WRONG_DOCUMENT_ERR: 4, INVALID_CHARACTER_ERR: 5, NO_DATA_ALLOWED_ERR: 6, NO_MODIFICATION_ALLOWED_ERR: 7, NOT_FOUND_ERR: 8, NOT_SUPPORTED_ERR: 9, INUSE_ATTRIBUTE_ERR: 10, INVALID_STATE_ERR: 11, SYNTAX_ERR: 12, INVALID_MODIFICATION_ERR: 13, NAMESPACE_ERR: 14, INVALID_ACCESS_ERR: 15, VALIDATION_ERR: 16, TYPE_MISMATCH_ERR: 17, SECURITY_ERR: 18, NETWORK_ERR: 19, ABORT_ERR: 20, URL_MISMATCH_ERR: 21, QUOTA_EXCEEDED_ERR: 22, TIMEOUT_ERR: 23, INVALID_NODE_TYPE_ERR: 24, DATA_CLONE_ERR: 25 }
âŽ¯âŽ¯âŽ¯âŽ¯âŽ¯âŽ¯âŽ¯âŽ¯âŽ¯âŽ¯âŽ¯âŽ¯âŽ¯âŽ¯âŽ¯âŽ¯âŽ¯âŽ¯âŽ¯âŽ¯âŽ¯âŽ¯[35/37]âŽ¯

 FAIL  src/components/settings/__tests__/FamilySettings.test.ts > Family Settings Component > Interactions > should emit invite-member event when clicking invite member button
SyntaxError: 'button:contains("Add Family Member")' is not a valid selector
 â¯ emit node_modules/nwsapi/src/nwsapi.js:664:17
 â¯ Object._matches [as match] node_modules/nwsapi/src/nwsapi.js:1544:9
 â¯ HTMLDivElementImpl.ElementImpl.matches node_modules/jsdom/lib/jsdom/living/nodes/Element-impl.js:571:18
 â¯ HTMLDivElement.matches node_modules/jsdom/lib/jsdom/living/generated/Element.js:655:34
 â¯ node_modules/@vue/test-utils/dist/vue-test-utils.cjs.js:7164:94
 â¯ VueWrapper.BaseWrapper.findAllDOMElements node_modules/@vue/test-utils/dist/vue-test-utils.cjs.js:7164:57
 â¯ VueWrapper.findAll node_modules/@vue/test-utils/dist/vue-test-utils.cjs.js:7695:21
 â¯ VueWrapper.BaseWrapper.find node_modules/@vue/test-utils/dist/vue-test-utils.cjs.js:7188:29
 â¯ src/components/settings/__tests__/FamilySettings.test.ts:82:21
     80|     it('should emit invite-member event when clicking invite member buâ€¦
     81|       const wrapper = createWrapper({ isPersonalOnly: false });
     82|       await wrapper.find('button:contains("Add Family Member")').triggâ€¦
       |                     ^
     83|       expect(wrapper.emitted('invite-member')).toBeTruthy();
     84|     });

âŽ¯âŽ¯âŽ¯âŽ¯âŽ¯âŽ¯âŽ¯âŽ¯âŽ¯âŽ¯âŽ¯âŽ¯âŽ¯âŽ¯âŽ¯âŽ¯âŽ¯âŽ¯âŽ¯âŽ¯âŽ¯âŽ¯âŽ¯âŽ¯âŽ¯âŽ¯âŽ¯âŽ¯âŽ¯âŽ¯
Serialized Error: { code: 12, INDEX_SIZE_ERR: 1, DOMSTRING_SIZE_ERR: 2, HIERARCHY_REQUEST_ERR: 3, WRONG_DOCUMENT_ERR: 4, INVALID_CHARACTER_ERR: 5, NO_DATA_ALLOWED_ERR: 6, NO_MODIFICATION_ALLOWED_ERR: 7, NOT_FOUND_ERR: 8, NOT_SUPPORTED_ERR: 9, INUSE_ATTRIBUTE_ERR: 10, INVALID_STATE_ERR: 11, SYNTAX_ERR: 12, INVALID_MODIFICATION_ERR: 13, NAMESPACE_ERR: 14, INVALID_ACCESS_ERR: 15, VALIDATION_ERR: 16, TYPE_MISMATCH_ERR: 17, SECURITY_ERR: 18, NETWORK_ERR: 19, ABORT_ERR: 20, URL_MISMATCH_ERR: 21, QUOTA_EXCEEDED_ERR: 22, TIMEOUT_ERR: 23, INVALID_NODE_TYPE_ERR: 24, DATA_CLONE_ERR: 25 }
âŽ¯âŽ¯âŽ¯âŽ¯âŽ¯âŽ¯âŽ¯âŽ¯âŽ¯âŽ¯âŽ¯âŽ¯âŽ¯âŽ¯âŽ¯âŽ¯âŽ¯âŽ¯âŽ¯âŽ¯âŽ¯âŽ¯[36/37]âŽ¯

 FAIL  src/components/settings/__tests__/FamilySettings.test.ts > Family Settings Component > Interactions > should disable invite button when saving
SyntaxError: 'button:contains("Add Family Member")' is not a valid selector
 â¯ emit node_modules/nwsapi/src/nwsapi.js:664:17
 â¯ Object._matches [as match] node_modules/nwsapi/src/nwsapi.js:1544:9
 â¯ HTMLDivElementImpl.ElementImpl.matches node_modules/jsdom/lib/jsdom/living/nodes/Element-impl.js:571:18
 â¯ HTMLDivElement.matches node_modules/jsdom/lib/jsdom/living/generated/Element.js:655:34
 â¯ node_modules/@vue/test-utils/dist/vue-test-utils.cjs.js:7164:94
 â¯ VueWrapper.BaseWrapper.findAllDOMElements node_modules/@vue/test-utils/dist/vue-test-utils.cjs.js:7164:57
 â¯ VueWrapper.findAll node_modules/@vue/test-utils/dist/vue-test-utils.cjs.js:7695:21
 â¯ VueWrapper.BaseWrapper.find node_modules/@vue/test-utils/dist/vue-test-utils.cjs.js:7188:29
 â¯ src/components/settings/__tests__/FamilySettings.test.ts:88:36
     86|     it('should disable invite button when saving', () => {
     87|       const wrapper = createWrapper({ saving: true });
     88|       const inviteButton = wrapper.find('button:contains("Add Family Mâ€¦
       |                                    ^
     89|       expect(inviteButton.attributes('disabled')).toBeDefined();
     90|     });

âŽ¯âŽ¯âŽ¯âŽ¯âŽ¯âŽ¯âŽ¯âŽ¯âŽ¯âŽ¯âŽ¯âŽ¯âŽ¯âŽ¯âŽ¯âŽ¯âŽ¯âŽ¯âŽ¯âŽ¯âŽ¯âŽ¯âŽ¯âŽ¯âŽ¯âŽ¯âŽ¯âŽ¯âŽ¯âŽ¯
Serialized Error: { code: 12, INDEX_SIZE_ERR: 1, DOMSTRING_SIZE_ERR: 2, HIERARCHY_REQUEST_ERR: 3, WRONG_DOCUMENT_ERR: 4, INVALID_CHARACTER_ERR: 5, NO_DATA_ALLOWED_ERR: 6, NO_MODIFICATION_ALLOWED_ERR: 7, NOT_FOUND_ERR: 8, NOT_SUPPORTED_ERR: 9, INUSE_ATTRIBUTE_ERR: 10, INVALID_STATE_ERR: 11, SYNTAX_ERR: 12, INVALID_MODIFICATION_ERR: 13, NAMESPACE_ERR: 14, INVALID_ACCESS_ERR: 15, VALIDATION_ERR: 16, TYPE_MISMATCH_ERR: 17, SECURITY_ERR: 18, NETWORK_ERR: 19, ABORT_ERR: 20, URL_MISMATCH_ERR: 21, QUOTA_EXCEEDED_ERR: 22, TIMEOUT_ERR: 23, INVALID_NODE_TYPE_ERR: 24, DATA_CLONE_ERR: 25 }
âŽ¯âŽ¯âŽ¯âŽ¯âŽ¯âŽ¯âŽ¯âŽ¯âŽ¯âŽ¯âŽ¯âŽ¯âŽ¯âŽ¯âŽ¯âŽ¯âŽ¯âŽ¯âŽ¯âŽ¯âŽ¯âŽ¯[37/37]âŽ¯

 Test Files  28 failed | 27 passed (55)
      Tests  15 failed | 359 passed | 17 todo (391)
   Start at  22:35:06
   Duration  24.82s (transform 2.43s, setup 17.67s, collect 6.08s, tests 5.54s, environment 95.67s, prepare 16.29s)

